mode: set
comissionamento/internal/repository/audit.go:16.68,18.2 1 0
comissionamento/internal/repository/audit.go:20.85,28.20 3 0
comissionamento/internal/repository/audit.go:28.20,30.3 1 0
comissionamento/internal/repository/audit.go:32.2,40.16 2 0
comissionamento/internal/repository/audit.go:40.16,42.3 1 0
comissionamento/internal/repository/audit.go:44.2,44.12 1 0
comissionamento/internal/repository/audit.go:47.126,56.16 3 0
comissionamento/internal/repository/audit.go:56.16,58.3 1 0
comissionamento/internal/repository/audit.go:59.2,62.18 3 0
comissionamento/internal/repository/audit.go:62.18,73.17 3 0
comissionamento/internal/repository/audit.go:73.17,75.4 1 0
comissionamento/internal/repository/audit.go:76.3,76.28 1 0
comissionamento/internal/repository/audit.go:79.2,79.34 1 0
comissionamento/internal/repository/audit.go:79.34,81.3 1 0
comissionamento/internal/repository/audit.go:83.2,83.18 1 0
comissionamento/internal/repository/audit.go:86.103,95.16 3 0
comissionamento/internal/repository/audit.go:95.16,97.3 1 0
comissionamento/internal/repository/audit.go:98.2,101.18 3 0
comissionamento/internal/repository/audit.go:101.18,112.17 3 0
comissionamento/internal/repository/audit.go:112.17,114.4 1 0
comissionamento/internal/repository/audit.go:115.3,115.28 1 0
comissionamento/internal/repository/audit.go:118.2,118.34 1 0
comissionamento/internal/repository/audit.go:118.34,120.3 1 0
comissionamento/internal/repository/audit.go:122.2,122.18 1 0
comissionamento/internal/repository/event.go:17.74,19.2 1 0
comissionamento/internal/repository/event.go:22.93,39.16 3 0
comissionamento/internal/repository/event.go:39.16,40.36 1 0
comissionamento/internal/repository/event.go:40.36,43.4 1 0
comissionamento/internal/repository/event.go:44.3,44.62 1 0
comissionamento/internal/repository/event.go:47.2,47.12 1 0
comissionamento/internal/repository/event.go:50.117,68.16 3 0
comissionamento/internal/repository/event.go:68.16,70.3 1 0
comissionamento/internal/repository/event.go:72.2,72.12 1 0
comissionamento/internal/repository/event.go:75.100,94.16 4 0
comissionamento/internal/repository/event.go:94.16,95.36 1 0
comissionamento/internal/repository/event.go:95.36,97.4 1 0
comissionamento/internal/repository/event.go:98.3,98.65 1 0
comissionamento/internal/repository/event.go:101.2,101.20 1 0
comissionamento/internal/repository/event.go:104.148,113.16 3 0
comissionamento/internal/repository/event.go:113.16,115.3 1 0
comissionamento/internal/repository/event.go:116.2,119.18 3 0
comissionamento/internal/repository/event.go:119.18,131.17 3 0
comissionamento/internal/repository/event.go:131.17,133.4 1 0
comissionamento/internal/repository/event.go:134.3,134.34 1 0
comissionamento/internal/repository/event.go:137.2,137.34 1 0
comissionamento/internal/repository/event.go:137.34,139.3 1 0
comissionamento/internal/repository/event.go:141.2,141.20 1 0
comissionamento/internal/repository/event.go:144.157,153.16 4 0
comissionamento/internal/repository/event.go:153.16,155.3 1 0
comissionamento/internal/repository/event.go:157.2,157.19 1 0
comissionamento/internal/repository/goal.go:17.60,19.2 1 0
comissionamento/internal/repository/goal.go:21.78,36.16 3 0
comissionamento/internal/repository/goal.go:36.16,38.3 1 0
comissionamento/internal/repository/goal.go:40.2,40.12 1 0
comissionamento/internal/repository/goal.go:43.109,62.16 4 0
comissionamento/internal/repository/goal.go:62.16,63.36 1 0
comissionamento/internal/repository/goal.go:63.36,65.4 1 0
comissionamento/internal/repository/goal.go:66.3,66.58 1 0
comissionamento/internal/repository/goal.go:69.2,69.19 1 0
comissionamento/internal/repository/goal.go:72.99,81.16 3 0
comissionamento/internal/repository/goal.go:81.16,83.3 1 0
comissionamento/internal/repository/goal.go:84.2,87.18 3 0
comissionamento/internal/repository/goal.go:87.18,99.17 3 0
comissionamento/internal/repository/goal.go:99.17,101.4 1 0
comissionamento/internal/repository/goal.go:102.3,102.31 1 0
comissionamento/internal/repository/goal.go:105.2,105.34 1 0
comissionamento/internal/repository/goal.go:105.34,107.3 1 0
comissionamento/internal/repository/goal.go:109.2,109.19 1 0
comissionamento/internal/repository/goal.go:112.93,121.16 3 0
comissionamento/internal/repository/goal.go:121.16,123.3 1 0
comissionamento/internal/repository/goal.go:124.2,127.18 3 0
comissionamento/internal/repository/goal.go:127.18,139.17 3 0
comissionamento/internal/repository/goal.go:139.17,141.4 1 0
comissionamento/internal/repository/goal.go:142.3,142.31 1 0
comissionamento/internal/repository/goal.go:145.2,145.34 1 0
comissionamento/internal/repository/goal.go:145.34,147.3 1 0
comissionamento/internal/repository/goal.go:149.2,149.19 1 0
comissionamento/internal/repository/goal.go:153.78,158.16 4 0
comissionamento/internal/repository/goal.go:158.16,159.36 1 0
comissionamento/internal/repository/goal.go:159.36,161.4 1 0
comissionamento/internal/repository/goal.go:162.3,162.62 1 0
comissionamento/internal/repository/goal.go:165.2,165.38 1 0
comissionamento/internal/repository/goal.go:165.38,167.3 1 0
comissionamento/internal/repository/goal.go:169.2,181.16 3 0
comissionamento/internal/repository/goal.go:181.16,183.3 1 0
comissionamento/internal/repository/goal.go:185.2,185.32 1 0
comissionamento/internal/repository/goal.go:185.32,187.3 1 0
comissionamento/internal/repository/goal.go:189.2,189.12 1 0
comissionamento/internal/repository/goal.go:192.74,196.16 3 0
comissionamento/internal/repository/goal.go:196.16,198.3 1 0
comissionamento/internal/repository/goal.go:200.2,200.32 1 0
comissionamento/internal/repository/goal.go:200.32,202.3 1 0
comissionamento/internal/repository/goal.go:204.2,204.12 1 0
comissionamento/internal/repository/period.go:17.64,19.2 1 0
comissionamento/internal/repository/period.go:21.84,35.16 3 0
comissionamento/internal/repository/period.go:35.16,37.3 1 0
comissionamento/internal/repository/period.go:39.2,39.12 1 0
comissionamento/internal/repository/period.go:42.90,60.16 4 0
comissionamento/internal/repository/period.go:60.16,61.36 1 0
comissionamento/internal/repository/period.go:61.36,63.4 1 0
comissionamento/internal/repository/period.go:64.3,64.66 1 0
comissionamento/internal/repository/period.go:67.2,67.21 1 0
comissionamento/internal/repository/period.go:70.79,78.16 3 0
comissionamento/internal/repository/period.go:78.16,80.3 1 0
comissionamento/internal/repository/period.go:81.2,84.18 3 0
comissionamento/internal/repository/period.go:84.18,95.17 3 0
comissionamento/internal/repository/period.go:95.17,97.4 1 0
comissionamento/internal/repository/period.go:98.3,98.37 1 0
comissionamento/internal/repository/period.go:101.2,101.34 1 0
comissionamento/internal/repository/period.go:101.34,103.3 1 0
comissionamento/internal/repository/period.go:105.2,105.21 1 0
comissionamento/internal/repository/period.go:108.105,116.16 3 0
comissionamento/internal/repository/period.go:116.16,118.3 1 0
comissionamento/internal/repository/period.go:120.2,120.32 1 0
comissionamento/internal/repository/period.go:120.32,122.3 1 0
comissionamento/internal/repository/period.go:124.2,124.12 1 0
comissionamento/internal/repository/statement.go:18.70,20.2 1 0
comissionamento/internal/repository/statement.go:22.93,37.16 3 0
comissionamento/internal/repository/statement.go:37.16,39.3 1 0
comissionamento/internal/repository/statement.go:41.2,41.12 1 0
comissionamento/internal/repository/statement.go:44.96,66.16 4 0
comissionamento/internal/repository/statement.go:66.16,67.36 1 0
comissionamento/internal/repository/statement.go:67.36,69.4 1 0
comissionamento/internal/repository/statement.go:70.3,70.69 1 0
comissionamento/internal/repository/statement.go:73.2,73.24 1 0
comissionamento/internal/repository/statement.go:76.109,85.16 3 0
comissionamento/internal/repository/statement.go:85.16,87.3 1 0
comissionamento/internal/repository/statement.go:88.2,91.18 3 0
comissionamento/internal/repository/statement.go:91.18,106.17 3 0
comissionamento/internal/repository/statement.go:106.17,108.4 1 0
comissionamento/internal/repository/statement.go:109.3,109.41 1 0
comissionamento/internal/repository/statement.go:112.2,112.34 1 0
comissionamento/internal/repository/statement.go:112.34,114.3 1 0
comissionamento/internal/repository/statement.go:116.2,116.24 1 0
comissionamento/internal/repository/statement.go:119.146,121.45 2 0
comissionamento/internal/repository/statement.go:121.45,124.3 2 0
comissionamento/internal/repository/statement.go:126.2,133.16 3 0
comissionamento/internal/repository/statement.go:133.16,135.3 1 0
comissionamento/internal/repository/statement.go:137.2,137.32 1 0
comissionamento/internal/repository/statement.go:137.32,139.3 1 0
comissionamento/internal/repository/statement.go:141.2,141.12 1 0
comissionamento/internal/repository/statement.go:144.119,166.16 4 0
comissionamento/internal/repository/statement.go:166.16,167.36 1 0
comissionamento/internal/repository/statement.go:167.36,169.4 1 0
comissionamento/internal/repository/statement.go:170.3,170.63 1 0
comissionamento/internal/repository/statement.go:173.2,173.24 1 0
comissionamento/internal/repository/user.go:19.60,21.2 1 0
comissionamento/internal/repository/user.go:24.105,46.16 5 0
comissionamento/internal/repository/user.go:46.16,47.36 1 0
comissionamento/internal/repository/user.go:47.36,49.4 1 0
comissionamento/internal/repository/user.go:50.3,50.67 1 0
comissionamento/internal/repository/user.go:53.2,64.19 2 0
comissionamento/internal/repository/user.go:68.86,89.16 5 0
comissionamento/internal/repository/user.go:89.16,90.36 1 0
comissionamento/internal/repository/user.go:90.36,92.4 1 0
comissionamento/internal/repository/user.go:93.3,93.64 1 0
comissionamento/internal/repository/user.go:96.2,97.19 2 0
comissionamento/internal/repository/user.go:101.108,118.16 4 0
comissionamento/internal/repository/user.go:118.16,120.29 2 0
comissionamento/internal/repository/user.go:120.29,121.29 1 0
comissionamento/internal/repository/user.go:121.29,123.5 1 0
comissionamento/internal/repository/user.go:125.3,125.57 1 0
comissionamento/internal/repository/user.go:128.2,128.16 1 0
comissionamento/internal/repository/user.go:132.78,147.16 3 0
comissionamento/internal/repository/user.go:147.16,149.3 1 0
comissionamento/internal/repository/user.go:151.2,151.32 1 0
comissionamento/internal/repository/user.go:151.32,153.3 1 0
comissionamento/internal/repository/user.go:155.2,155.12 1 0
comissionamento/internal/repository/user.go:159.75,167.16 3 0
comissionamento/internal/repository/user.go:167.16,169.3 1 0
comissionamento/internal/repository/user.go:170.2,173.18 3 0
comissionamento/internal/repository/user.go:173.18,187.17 4 0
comissionamento/internal/repository/user.go:187.17,189.4 1 0
comissionamento/internal/repository/user.go:191.3,192.31 2 0
comissionamento/internal/repository/user.go:195.2,195.35 1 0
comissionamento/internal/repository/user.go:195.35,197.3 1 0
comissionamento/internal/repository/user.go:199.2,199.19 1 0
comissionamento/internal/repository/user.go:203.120,210.16 3 0
comissionamento/internal/repository/user.go:210.16,212.3 1 0
comissionamento/internal/repository/user.go:214.2,214.12 1 0
comissionamento/internal/repository/user.go:218.102,226.16 4 0
comissionamento/internal/repository/user.go:226.16,227.36 1 0
comissionamento/internal/repository/user.go:227.36,229.4 1 0
comissionamento/internal/repository/user.go:230.3,230.65 1 0
comissionamento/internal/repository/user.go:233.2,233.12 1 0
comissionamento/internal/repository/user.go:237.86,245.16 3 0
comissionamento/internal/repository/user.go:245.16,247.3 1 0
comissionamento/internal/repository/user.go:249.2,249.12 1 0
