{"/Users/crlaila/www/estudos/comissionamento/web/src/components/Layout.css": {"path":"/Users/crlaila/www/estudos/comissionamento/web/src/components/Layout.css","statementMap":{},"fnMap":{},"branchMap":{},"s":{},"f":{},"b":{},"meta":{"lastBranch":0,"lastFunction":0,"lastStatement":0,"seen":{}}}
,"/Users/crlaila/www/estudos/comissionamento/web/src/components/Layout.tsx": {"path":"/Users/crlaila/www/estudos/comissionamento/web/src/components/Layout.tsx","statementMap":{"0":{"start":{"line":10,"column":45},"end":{"line":102,"column":null}},"1":{"start":{"line":11,"column":36},"end":{"line":11,"column":null}},"2":{"start":{"line":12,"column":23},"end":{"line":12,"column":null}},"3":{"start":{"line":13,"column":8},"end":{"line":13,"column":null}},"4":{"start":{"line":15,"column":23},"end":{"line":18,"column":null}},"5":{"start":{"line":16,"column":4},"end":{"line":16,"column":null}},"6":{"start":{"line":17,"column":4},"end":{"line":17,"column":null}},"7":{"start":{"line":20,"column":23},"end":{"line":28,"column":null}},"8":{"start":{"line":21,"column":47},"end":{"line":26,"column":null}},"9":{"start":{"line":27,"column":4},"end":{"line":27,"column":null}},"10":{"start":{"line":30,"column":29},"end":{"line":49,"column":null}},"11":{"start":{"line":31,"column":22},"end":{"line":33,"column":null}},"12":{"start":{"line":35,"column":4},"end":{"line":37,"column":null}},"13":{"start":{"line":36,"column":6},"end":{"line":36,"column":null}},"14":{"start":{"line":39,"column":4},"end":{"line":42,"column":null}},"15":{"start":{"line":40,"column":6},"end":{"line":40,"column":null}},"16":{"start":{"line":41,"column":6},"end":{"line":41,"column":null}},"17":{"start":{"line":44,"column":4},"end":{"line":46,"column":null}},"18":{"start":{"line":45,"column":6},"end":{"line":45,"column":null}},"19":{"start":{"line":48,"column":4},"end":{"line":48,"column":null}},"20":{"start":{"line":51,"column":19},"end":{"line":51,"column":null}},"21":{"start":{"line":53,"column":2},"end":{"line":100,"column":null}},"22":{"start":{"line":59,"column":27},"end":{"line":59,"column":null}},"23":{"start":{"line":76,"column":14},"end":{"line":83,"column":null}},"24":{"start":{"line":80,"column":31},"end":{"line":80,"column":null}}},"fnMap":{"0":{"name":"(anonymous_0)","decl":{"start":{"line":10,"column":45},"end":{"line":10,"column":46}},"loc":{"start":{"line":10,"column":63},"end":{"line":102,"column":null}},"line":10},"1":{"name":"(anonymous_1)","decl":{"start":{"line":15,"column":23},"end":{"line":15,"column":35}},"loc":{"start":{"line":15,"column":35},"end":{"line":18,"column":null}},"line":15},"2":{"name":"(anonymous_2)","decl":{"start":{"line":20,"column":23},"end":{"line":20,"column":24}},"loc":{"start":{"line":20,"column":49},"end":{"line":28,"column":null}},"line":20},"3":{"name":"(anonymous_3)","decl":{"start":{"line":30,"column":29},"end":{"line":30,"column":35}},"loc":{"start":{"line":30,"column":35},"end":{"line":49,"column":null}},"line":30},"4":{"name":"(anonymous_4)","decl":{"start":{"line":59,"column":21},"end":{"line":59,"column":27}},"loc":{"start":{"line":59,"column":27},"end":{"line":59,"column":null}},"line":59},"5":{"name":"(anonymous_5)","decl":{"start":{"line":75,"column":26},"end":{"line":75,"column":27}},"loc":{"start":{"line":76,"column":14},"end":{"line":83,"column":null}},"line":76},"6":{"name":"(anonymous_6)","decl":{"start":{"line":80,"column":25},"end":{"line":80,"column":31}},"loc":{"start":{"line":80,"column":31},"end":{"line":80,"column":null}},"line":80}},"branchMap":{"0":{"loc":{"start":{"line":27,"column":11},"end":{"line":27,"column":null}},"type":"binary-expr","locations":[{"start":{"line":27,"column":11},"end":{"line":27,"column":31}},{"start":{"line":27,"column":31},"end":{"line":27,"column":null}}],"line":27},"1":{"loc":{"start":{"line":35,"column":4},"end":{"line":37,"column":null}},"type":"if","locations":[{"start":{"line":35,"column":4},"end":{"line":37,"column":null}},{"start":{},"end":{}}],"line":35},"2":{"loc":{"start":{"line":35,"column":8},"end":{"line":35,"column":60}},"type":"binary-expr","locations":[{"start":{"line":35,"column":8},"end":{"line":35,"column":36}},{"start":{"line":35,"column":36},"end":{"line":35,"column":60}}],"line":35},"3":{"loc":{"start":{"line":39,"column":4},"end":{"line":42,"column":null}},"type":"if","locations":[{"start":{"line":39,"column":4},"end":{"line":42,"column":null}},{"start":{},"end":{}}],"line":39},"4":{"loc":{"start":{"line":39,"column":8},"end":{"line":39,"column":60}},"type":"binary-expr","locations":[{"start":{"line":39,"column":8},"end":{"line":39,"column":36}},{"start":{"line":39,"column":36},"end":{"line":39,"column":60}}],"line":39},"5":{"loc":{"start":{"line":44,"column":4},"end":{"line":46,"column":null}},"type":"if","locations":[{"start":{"line":44,"column":4},"end":{"line":46,"column":null}},{"start":{},"end":{}}],"line":44},"6":{"loc":{"start":{"line":67,"column":54},"end":{"line":67,"column":70}},"type":"binary-expr","locations":[{"start":{"line":67,"column":54},"end":{"line":67,"column":68}},{"start":{"line":67,"column":68},"end":{"line":67,"column":70}}],"line":67},"7":{"loc":{"start":{"line":73,"column":44},"end":{"line":73,"column":69}},"type":"cond-expr","locations":[{"start":{"line":73,"column":58},"end":{"line":73,"column":67}},{"start":{"line":73,"column":67},"end":{"line":73,"column":69}}],"line":73}},"s":{"0":1,"1":12,"2":12,"3":12,"4":12,"5":1,"6":1,"7":12,"8":12,"9":12,"10":12,"11":12,"12":12,"13":2,"14":12,"15":2,"16":2,"17":12,"18":1,"19":12,"20":12,"21":12,"22":1,"23":19,"24":0},"f":{"0":12,"1":1,"2":12,"3":12,"4":1,"5":19,"6":0},"b":{"0":[12,0],"1":[2,10],"2":[12,11],"3":[2,10],"4":[12,11],"5":[1,11],"6":[12,0],"7":[1,11]},"meta":{"lastBranch":8,"lastFunction":7,"lastStatement":25,"seen":{"s:10:45:102:Infinity":0,"f:10:45:10:46":0,"s:11:36:11:Infinity":1,"s:12:23:12:Infinity":2,"s:13:8:13:Infinity":3,"s:15:23:18:Infinity":4,"f:15:23:15:35":1,"s:16:4:16:Infinity":5,"s:17:4:17:Infinity":6,"s:20:23:28:Infinity":7,"f:20:23:20:24":2,"s:21:47:26:Infinity":8,"s:27:4:27:Infinity":9,"b:27:11:27:31:27:31:27:Infinity":0,"s:30:29:49:Infinity":10,"f:30:29:30:35":3,"s:31:22:33:Infinity":11,"b:35:4:37:Infinity:undefined:undefined:undefined:undefined":1,"s:35:4:37:Infinity":12,"b:35:8:35:36:35:36:35:60":2,"s:36:6:36:Infinity":13,"b:39:4:42:Infinity:undefined:undefined:undefined:undefined":3,"s:39:4:42:Infinity":14,"b:39:8:39:36:39:36:39:60":4,"s:40:6:40:Infinity":15,"s:41:6:41:Infinity":16,"b:44:4:46:Infinity:undefined:undefined:undefined:undefined":5,"s:44:4:46:Infinity":17,"s:45:6:45:Infinity":18,"s:48:4:48:Infinity":19,"s:51:19:51:Infinity":20,"s:53:2:100:Infinity":21,"f:59:21:59:27":4,"s:59:27:59:Infinity":22,"b:67:54:67:68:67:68:67:70":6,"b:73:58:73:67:73:67:73:69":7,"f:75:26:75:27":5,"s:76:14:83:Infinity":23,"f:80:25:80:31":6,"s:80:31:80:Infinity":24}}}
,"/Users/crlaila/www/estudos/comissionamento/web/src/components/ProgressBar.css": {"path":"/Users/crlaila/www/estudos/comissionamento/web/src/components/ProgressBar.css","statementMap":{},"fnMap":{},"branchMap":{},"s":{},"f":{},"b":{},"meta":{"lastBranch":0,"lastFunction":0,"lastStatement":0,"seen":{}}}
,"/Users/crlaila/www/estudos/comissionamento/web/src/components/ProgressBar.tsx": {"path":"/Users/crlaila/www/estudos/comissionamento/web/src/components/ProgressBar.tsx","statementMap":{"0":{"start":{"line":11,"column":55},"end":{"line":47,"column":null}},"1":{"start":{"line":17,"column":21},"end":{"line":17,"column":null}},"2":{"start":{"line":18,"column":28},"end":{"line":18,"column":null}},"3":{"start":{"line":20,"column":25},"end":{"line":24,"column":null}},"4":{"start":{"line":21,"column":4},"end":{"line":21,"column":null}},"5":{"start":{"line":21,"column":27},"end":{"line":21,"column":null}},"6":{"start":{"line":22,"column":4},"end":{"line":22,"column":null}},"7":{"start":{"line":22,"column":26},"end":{"line":22,"column":null}},"8":{"start":{"line":23,"column":4},"end":{"line":23,"column":null}},"9":{"start":{"line":26,"column":2},"end":{"line":45,"column":null}}},"fnMap":{"0":{"name":"(anonymous_0)","decl":{"start":{"line":11,"column":55},"end":{"line":11,"column":56}},"loc":{"start":{"line":16,"column":6},"end":{"line":47,"column":null}},"line":16},"1":{"name":"(anonymous_1)","decl":{"start":{"line":20,"column":25},"end":{"line":20,"column":31}},"loc":{"start":{"line":20,"column":31},"end":{"line":24,"column":null}},"line":20}},"branchMap":{"0":{"loc":{"start":{"line":15,"column":2},"end":{"line":15,"column":null}},"type":"default-arg","locations":[{"start":{"line":15,"column":19},"end":{"line":15,"column":null}}],"line":15},"1":{"loc":{"start":{"line":17,"column":21},"end":{"line":17,"column":null}},"type":"cond-expr","locations":[{"start":{"line":17,"column":35},"end":{"line":17,"column":61}},{"start":{"line":17,"column":61},"end":{"line":17,"column":null}}],"line":17},"2":{"loc":{"start":{"line":21,"column":4},"end":{"line":21,"column":null}},"type":"if","locations":[{"start":{"line":21,"column":4},"end":{"line":21,"column":null}},{"start":{},"end":{}}],"line":21},"3":{"loc":{"start":{"line":22,"column":4},"end":{"line":22,"column":null}},"type":"if","locations":[{"start":{"line":22,"column":4},"end":{"line":22,"column":null}},{"start":{},"end":{}}],"line":22},"4":{"loc":{"start":{"line":28,"column":7},"end":{"line":28,"column":null}},"type":"binary-expr","locations":[{"start":{"line":28,"column":7},"end":{"line":28,"column":16}},{"start":{"line":28,"column":16},"end":{"line":28,"column":null}}],"line":28},"5":{"loc":{"start":{"line":36,"column":9},"end":{"line":37,"column":null}},"type":"binary-expr","locations":[{"start":{"line":36,"column":9},"end":{"line":36,"column":null}},{"start":{"line":37,"column":10},"end":{"line":37,"column":null}}],"line":36}},"s":{"0":2,"1":24,"2":24,"3":24,"4":24,"5":3,"6":21,"7":14,"8":7,"9":24},"f":{"0":24,"1":24},"b":{"0":[24],"1":[24,0],"2":[3,21],"3":[14,7],"4":[24,16],"5":[24,23]},"meta":{"lastBranch":6,"lastFunction":2,"lastStatement":10,"seen":{"s:11:55:47:Infinity":0,"f:11:55:11:56":0,"b:15:19:15:Infinity":0,"s:17:21:17:Infinity":1,"b:17:35:17:61:17:61:17:Infinity":1,"s:18:28:18:Infinity":2,"s:20:25:24:Infinity":3,"f:20:25:20:31":1,"b:21:4:21:Infinity:undefined:undefined:undefined:undefined":2,"s:21:4:21:Infinity":4,"s:21:27:21:Infinity":5,"b:22:4:22:Infinity:undefined:undefined:undefined:undefined":3,"s:22:4:22:Infinity":6,"s:22:26:22:Infinity":7,"s:23:4:23:Infinity":8,"s:26:2:45:Infinity":9,"b:28:7:28:16:28:16:28:Infinity":4,"b:36:9:36:Infinity:37:10:37:Infinity":5}}}
,"/Users/crlaila/www/estudos/comissionamento/web/src/components/ProtectedRoute.tsx": {"path":"/Users/crlaila/www/estudos/comissionamento/web/src/components/ProtectedRoute.tsx","statementMap":{"0":{"start":{"line":10,"column":61},"end":{"line":29,"column":null}},"1":{"start":{"line":14,"column":43},"end":{"line":14,"column":null}},"2":{"start":{"line":16,"column":2},"end":{"line":18,"column":null}},"3":{"start":{"line":17,"column":4},"end":{"line":17,"column":null}},"4":{"start":{"line":20,"column":2},"end":{"line":22,"column":null}},"5":{"start":{"line":21,"column":4},"end":{"line":21,"column":null}},"6":{"start":{"line":24,"column":2},"end":{"line":26,"column":null}},"7":{"start":{"line":25,"column":4},"end":{"line":25,"column":null}},"8":{"start":{"line":28,"column":2},"end":{"line":28,"column":null}}},"fnMap":{"0":{"name":"(anonymous_0)","decl":{"start":{"line":10,"column":61},"end":{"line":10,"column":62}},"loc":{"start":{"line":13,"column":6},"end":{"line":29,"column":null}},"line":13}},"branchMap":{"0":{"loc":{"start":{"line":16,"column":2},"end":{"line":18,"column":null}},"type":"if","locations":[{"start":{"line":16,"column":2},"end":{"line":18,"column":null}},{"start":{},"end":{}}],"line":16},"1":{"loc":{"start":{"line":20,"column":2},"end":{"line":22,"column":null}},"type":"if","locations":[{"start":{"line":20,"column":2},"end":{"line":22,"column":null}},{"start":{},"end":{}}],"line":20},"2":{"loc":{"start":{"line":24,"column":2},"end":{"line":26,"column":null}},"type":"if","locations":[{"start":{"line":24,"column":2},"end":{"line":26,"column":null}},{"start":{},"end":{}}],"line":24},"3":{"loc":{"start":{"line":24,"column":6},"end":{"line":24,"column":58}},"type":"binary-expr","locations":[{"start":{"line":24,"column":6},"end":{"line":24,"column":22}},{"start":{"line":24,"column":22},"end":{"line":24,"column":30}},{"start":{"line":24,"column":30},"end":{"line":24,"column":58}}],"line":24}},"s":{"0":1,"1":5,"2":5,"3":1,"4":4,"5":1,"6":3,"7":1,"8":2},"f":{"0":5},"b":{"0":[1,4],"1":[1,3],"2":[1,2],"3":[3,2,2]},"meta":{"lastBranch":4,"lastFunction":1,"lastStatement":9,"seen":{"s:10:61:29:Infinity":0,"f:10:61:10:62":0,"s:14:43:14:Infinity":1,"b:16:2:18:Infinity:undefined:undefined:undefined:undefined":0,"s:16:2:18:Infinity":2,"s:17:4:17:Infinity":3,"b:20:2:22:Infinity:undefined:undefined:undefined:undefined":1,"s:20:2:22:Infinity":4,"s:21:4:21:Infinity":5,"b:24:2:26:Infinity:undefined:undefined:undefined:undefined":2,"s:24:2:26:Infinity":6,"b:24:6:24:22:24:22:24:30:24:30:24:58":3,"s:25:4:25:Infinity":7,"s:28:2:28:Infinity":8}}}
,"/Users/crlaila/www/estudos/comissionamento/web/src/components/SyncStatus.css": {"path":"/Users/crlaila/www/estudos/comissionamento/web/src/components/SyncStatus.css","statementMap":{},"fnMap":{},"branchMap":{},"s":{},"f":{},"b":{},"meta":{"lastBranch":0,"lastFunction":0,"lastStatement":0,"seen":{}}}
,"/Users/crlaila/www/estudos/comissionamento/web/src/components/SyncStatus.tsx": {"path":"/Users/crlaila/www/estudos/comissionamento/web/src/components/SyncStatus.tsx","statementMap":{"0":{"start":{"line":8,"column":53},"end":{"line":45,"column":null}},"1":{"start":{"line":9,"column":34},"end":{"line":9,"column":null}},"2":{"start":{"line":11,"column":2},"end":{"line":24,"column":null}},"3":{"start":{"line":12,"column":29},"end":{"line":18,"column":null}},"4":{"start":{"line":13,"column":6},"end":{"line":13,"column":null}},"5":{"start":{"line":13,"column":25},"end":{"line":13,"column":null}},"6":{"start":{"line":15,"column":18},"end":{"line":15,"column":null}},"7":{"start":{"line":16,"column":22},"end":{"line":16,"column":null}},"8":{"start":{"line":17,"column":6},"end":{"line":17,"column":null}},"9":{"start":{"line":20,"column":4},"end":{"line":20,"column":null}},"10":{"start":{"line":21,"column":21},"end":{"line":21,"column":null}},"11":{"start":{"line":23,"column":4},"end":{"line":23,"column":null}},"12":{"start":{"line":23,"column":17},"end":{"line":23,"column":null}},"13":{"start":{"line":26,"column":2},"end":{"line":28,"column":null}},"14":{"start":{"line":27,"column":4},"end":{"line":27,"column":null}},"15":{"start":{"line":30,"column":20},"end":{"line":37,"column":null}},"16":{"start":{"line":31,"column":4},"end":{"line":31,"column":null}},"17":{"start":{"line":31,"column":26},"end":{"line":31,"column":null}},"18":{"start":{"line":32,"column":4},"end":{"line":32,"column":null}},"19":{"start":{"line":32,"column":26},"end":{"line":32,"column":null}},"20":{"start":{"line":33,"column":4},"end":{"line":33,"column":null}},"21":{"start":{"line":33,"column":25},"end":{"line":33,"column":null}},"22":{"start":{"line":34,"column":21},"end":{"line":34,"column":null}},"23":{"start":{"line":35,"column":4},"end":{"line":35,"column":null}},"24":{"start":{"line":35,"column":24},"end":{"line":35,"column":null}},"25":{"start":{"line":36,"column":4},"end":{"line":36,"column":null}},"26":{"start":{"line":39,"column":2},"end":{"line":43,"column":null}}},"fnMap":{"0":{"name":"(anonymous_0)","decl":{"start":{"line":8,"column":53},"end":{"line":8,"column":54}},"loc":{"start":{"line":8,"column":75},"end":{"line":45,"column":null}},"line":8},"1":{"name":"(anonymous_1)","decl":{"start":{"line":11,"column":12},"end":{"line":11,"column":18}},"loc":{"start":{"line":11,"column":18},"end":{"line":24,"column":5}},"line":11},"2":{"name":"(anonymous_2)","decl":{"start":{"line":12,"column":29},"end":{"line":12,"column":35}},"loc":{"start":{"line":12,"column":35},"end":{"line":18,"column":null}},"line":12},"3":{"name":"(anonymous_3)","decl":{"start":{"line":23,"column":11},"end":{"line":23,"column":17}},"loc":{"start":{"line":23,"column":17},"end":{"line":23,"column":null}},"line":23},"4":{"name":"(anonymous_4)","decl":{"start":{"line":30,"column":20},"end":{"line":30,"column":26}},"loc":{"start":{"line":30,"column":26},"end":{"line":37,"column":null}},"line":30}},"branchMap":{"0":{"loc":{"start":{"line":13,"column":6},"end":{"line":13,"column":null}},"type":"if","locations":[{"start":{"line":13,"column":6},"end":{"line":13,"column":null}},{"start":{},"end":{}}],"line":13},"1":{"loc":{"start":{"line":26,"column":2},"end":{"line":28,"column":null}},"type":"if","locations":[{"start":{"line":26,"column":2},"end":{"line":28,"column":null}},{"start":{},"end":{}}],"line":26},"2":{"loc":{"start":{"line":26,"column":6},"end":{"line":26,"column":44}},"type":"binary-expr","locations":[{"start":{"line":26,"column":6},"end":{"line":26,"column":23}},{"start":{"line":26,"column":23},"end":{"line":26,"column":44}}],"line":26},"3":{"loc":{"start":{"line":31,"column":4},"end":{"line":31,"column":null}},"type":"if","locations":[{"start":{"line":31,"column":4},"end":{"line":31,"column":null}},{"start":{},"end":{}}],"line":31},"4":{"loc":{"start":{"line":32,"column":4},"end":{"line":32,"column":null}},"type":"if","locations":[{"start":{"line":32,"column":4},"end":{"line":32,"column":null}},{"start":{},"end":{}}],"line":32},"5":{"loc":{"start":{"line":33,"column":4},"end":{"line":33,"column":null}},"type":"if","locations":[{"start":{"line":33,"column":4},"end":{"line":33,"column":null}},{"start":{},"end":{}}],"line":33},"6":{"loc":{"start":{"line":35,"column":4},"end":{"line":35,"column":null}},"type":"if","locations":[{"start":{"line":35,"column":4},"end":{"line":35,"column":null}},{"start":{},"end":{}}],"line":35}},"s":{"0":4,"1":26,"2":26,"3":19,"4":19,"5":13,"6":6,"7":6,"8":6,"9":19,"10":19,"11":19,"12":19,"13":26,"14":20,"15":6,"16":6,"17":2,"18":4,"19":1,"20":3,"21":3,"22":2,"23":2,"24":1,"25":1,"26":6},"f":{"0":26,"1":19,"2":19,"3":19,"4":6},"b":{"0":[13,6],"1":[20,6],"2":[26,12],"3":[2,4],"4":[1,3],"5":[1,2],"6":[1,1]},"meta":{"lastBranch":7,"lastFunction":5,"lastStatement":27,"seen":{"s:8:53:45:Infinity":0,"f:8:53:8:54":0,"s:9:34:9:Infinity":1,"s:11:2:24:Infinity":2,"f:11:12:11:18":1,"s:12:29:18:Infinity":3,"f:12:29:12:35":2,"b:13:6:13:Infinity:undefined:undefined:undefined:undefined":0,"s:13:6:13:Infinity":4,"s:13:25:13:Infinity":5,"s:15:18:15:Infinity":6,"s:16:22:16:Infinity":7,"s:17:6:17:Infinity":8,"s:20:4:20:Infinity":9,"s:21:21:21:Infinity":10,"s:23:4:23:Infinity":11,"f:23:11:23:17":3,"s:23:17:23:Infinity":12,"b:26:2:28:Infinity:undefined:undefined:undefined:undefined":1,"s:26:2:28:Infinity":13,"b:26:6:26:23:26:23:26:44":2,"s:27:4:27:Infinity":14,"s:30:20:37:Infinity":15,"f:30:20:30:26":4,"b:31:4:31:Infinity:undefined:undefined:undefined:undefined":3,"s:31:4:31:Infinity":16,"s:31:26:31:Infinity":17,"b:32:4:32:Infinity:undefined:undefined:undefined:undefined":4,"s:32:4:32:Infinity":18,"s:32:26:32:Infinity":19,"b:33:4:33:Infinity:undefined:undefined:undefined:undefined":5,"s:33:4:33:Infinity":20,"s:33:25:33:Infinity":21,"s:34:21:34:Infinity":22,"b:35:4:35:Infinity:undefined:undefined:undefined:undefined":6,"s:35:4:35:Infinity":23,"s:35:24:35:Infinity":24,"s:36:4:36:Infinity":25,"s:39:2:43:Infinity":26}}}
,"/Users/crlaila/www/estudos/comissionamento/web/src/contexts/AuthContext.tsx": {"path":"/Users/crlaila/www/estudos/comissionamento/web/src/contexts/AuthContext.tsx","statementMap":{"0":{"start":{"line":21,"column":6},"end":{"line":21,"column":null}},"1":{"start":{"line":23,"column":27},"end":{"line":23,"column":null}},"2":{"start":{"line":24,"column":28},"end":{"line":24,"column":null}},"3":{"start":{"line":25,"column":31},"end":{"line":25,"column":null}},"4":{"start":{"line":27,"column":63},"end":{"line":165,"column":null}},"5":{"start":{"line":28,"column":22},"end":{"line":28,"column":null}},"6":{"start":{"line":29,"column":36},"end":{"line":29,"column":null}},"7":{"start":{"line":30,"column":32},"end":{"line":30,"column":null}},"8":{"start":{"line":33,"column":21},"end":{"line":50,"column":null}},"9":{"start":{"line":34,"column":4},"end":{"line":49,"column":null}},"10":{"start":{"line":35,"column":20},"end":{"line":35,"column":null}},"11":{"start":{"line":36,"column":6},"end":{"line":36,"column":null}},"12":{"start":{"line":36,"column":30},"end":{"line":36,"column":null}},"13":{"start":{"line":37,"column":22},"end":{"line":37,"column":null}},"14":{"start":{"line":38,"column":6},"end":{"line":46,"column":null}},"15":{"start":{"line":48,"column":6},"end":{"line":48,"column":null}},"16":{"start":{"line":53,"column":2},"end":{"line":66,"column":null}},"17":{"start":{"line":54,"column":30},"end":{"line":54,"column":null}},"18":{"start":{"line":55,"column":4},"end":{"line":64,"column":null}},"19":{"start":{"line":56,"column":21},"end":{"line":56,"column":null}},"20":{"start":{"line":57,"column":6},"end":{"line":63,"column":null}},"21":{"start":{"line":58,"column":8},"end":{"line":58,"column":null}},"22":{"start":{"line":59,"column":8},"end":{"line":59,"column":null}},"23":{"start":{"line":61,"column":8},"end":{"line":61,"column":null}},"24":{"start":{"line":62,"column":8},"end":{"line":62,"column":null}},"25":{"start":{"line":65,"column":4},"end":{"line":65,"column":null}},"26":{"start":{"line":68,"column":16},"end":{"line":87,"column":null}},"27":{"start":{"line":69,"column":21},"end":{"line":73,"column":null}},"28":{"start":{"line":75,"column":4},"end":{"line":77,"column":null}},"29":{"start":{"line":76,"column":6},"end":{"line":76,"column":null}},"30":{"start":{"line":79,"column":17},"end":{"line":79,"column":null}},"31":{"start":{"line":80,"column":19},"end":{"line":80,"column":null}},"32":{"start":{"line":81,"column":4},"end":{"line":81,"column":null}},"33":{"start":{"line":81,"column":17},"end":{"line":81,"column":null}},"34":{"start":{"line":83,"column":4},"end":{"line":83,"column":null}},"35":{"start":{"line":84,"column":4},"end":{"line":84,"column":null}},"36":{"start":{"line":85,"column":4},"end":{"line":85,"column":null}},"37":{"start":{"line":86,"column":4},"end":{"line":86,"column":null}},"38":{"start":{"line":89,"column":17},"end":{"line":110,"column":null}},"39":{"start":{"line":90,"column":25},"end":{"line":90,"column":null}},"40":{"start":{"line":91,"column":4},"end":{"line":104,"column":null}},"41":{"start":{"line":92,"column":6},"end":{"line":103,"column":null}},"42":{"start":{"line":93,"column":8},"end":{"line":100,"column":null}},"43":{"start":{"line":106,"column":4},"end":{"line":106,"column":null}},"44":{"start":{"line":107,"column":4},"end":{"line":107,"column":null}},"45":{"start":{"line":108,"column":4},"end":{"line":108,"column":null}},"46":{"start":{"line":109,"column":4},"end":{"line":109,"column":null}},"47":{"start":{"line":112,"column":23},"end":{"line":141,"column":null}},"48":{"start":{"line":113,"column":31},"end":{"line":113,"column":null}},"49":{"start":{"line":114,"column":4},"end":{"line":117,"column":null}},"50":{"start":{"line":115,"column":6},"end":{"line":115,"column":null}},"51":{"start":{"line":116,"column":6},"end":{"line":116,"column":null}},"52":{"start":{"line":119,"column":4},"end":{"line":140,"column":null}},"53":{"start":{"line":120,"column":23},"end":{"line":124,"column":null}},"54":{"start":{"line":126,"column":6},"end":{"line":129,"column":null}},"55":{"start":{"line":127,"column":8},"end":{"line":127,"column":null}},"56":{"start":{"line":128,"column":8},"end":{"line":128,"column":null}},"57":{"start":{"line":131,"column":19},"end":{"line":131,"column":null}},"58":{"start":{"line":132,"column":21},"end":{"line":132,"column":null}},"59":{"start":{"line":133,"column":6},"end":{"line":133,"column":null}},"60":{"start":{"line":133,"column":19},"end":{"line":133,"column":null}},"61":{"start":{"line":135,"column":6},"end":{"line":135,"column":null}},"62":{"start":{"line":136,"column":6},"end":{"line":136,"column":null}},"63":{"start":{"line":137,"column":6},"end":{"line":137,"column":null}},"64":{"start":{"line":139,"column":6},"end":{"line":139,"column":null}},"65":{"start":{"line":144,"column":2},"end":{"line":152,"column":null}},"66":{"start":{"line":145,"column":4},"end":{"line":145,"column":null}},"67":{"start":{"line":145,"column":22},"end":{"line":145,"column":null}},"68":{"start":{"line":147,"column":21},"end":{"line":149,"column":null}},"69":{"start":{"line":148,"column":6},"end":{"line":148,"column":null}},"70":{"start":{"line":151,"column":4},"end":{"line":151,"column":null}},"71":{"start":{"line":151,"column":17},"end":{"line":151,"column":null}},"72":{"start":{"line":154,"column":33},"end":{"line":162,"column":null}},"73":{"start":{"line":164,"column":2},"end":{"line":164,"column":null}},"74":{"start":{"line":167,"column":23},"end":{"line":173,"column":null}},"75":{"start":{"line":168,"column":8},"end":{"line":168,"column":null}},"76":{"start":{"line":169,"column":2},"end":{"line":171,"column":null}},"77":{"start":{"line":170,"column":4},"end":{"line":170,"column":null}},"78":{"start":{"line":172,"column":2},"end":{"line":172,"column":null}}},"fnMap":{"0":{"name":"(anonymous_0)","decl":{"start":{"line":27,"column":63},"end":{"line":27,"column":64}},"loc":{"start":{"line":27,"column":81},"end":{"line":165,"column":null}},"line":27},"1":{"name":"(anonymous_1)","decl":{"start":{"line":33,"column":21},"end":{"line":33,"column":22}},"loc":{"start":{"line":33,"column":82},"end":{"line":50,"column":null}},"line":33},"2":{"name":"(anonymous_2)","decl":{"start":{"line":53,"column":12},"end":{"line":53,"column":18}},"loc":{"start":{"line":53,"column":18},"end":{"line":66,"column":5}},"line":53},"3":{"name":"(anonymous_3)","decl":{"start":{"line":68,"column":16},"end":{"line":68,"column":23}},"loc":{"start":{"line":68,"column":59},"end":{"line":87,"column":null}},"line":68},"4":{"name":"(anonymous_4)","decl":{"start":{"line":89,"column":17},"end":{"line":89,"column":29}},"loc":{"start":{"line":89,"column":29},"end":{"line":110,"column":null}},"line":89},"5":{"name":"(anonymous_5)","decl":{"start":{"line":112,"column":23},"end":{"line":112,"column":35}},"loc":{"start":{"line":112,"column":35},"end":{"line":141,"column":null}},"line":112},"6":{"name":"(anonymous_6)","decl":{"start":{"line":144,"column":12},"end":{"line":144,"column":18}},"loc":{"start":{"line":144,"column":18},"end":{"line":152,"column":5}},"line":144},"7":{"name":"(anonymous_7)","decl":{"start":{"line":147,"column":33},"end":{"line":147,"column":45}},"loc":{"start":{"line":147,"column":45},"end":{"line":149,"column":7}},"line":147},"8":{"name":"(anonymous_8)","decl":{"start":{"line":151,"column":11},"end":{"line":151,"column":17}},"loc":{"start":{"line":151,"column":17},"end":{"line":151,"column":null}},"line":151},"9":{"name":"(anonymous_9)","decl":{"start":{"line":167,"column":23},"end":{"line":167,"column":46}},"loc":{"start":{"line":167,"column":46},"end":{"line":173,"column":null}},"line":167}},"branchMap":{"0":{"loc":{"start":{"line":36,"column":6},"end":{"line":36,"column":null}},"type":"if","locations":[{"start":{"line":36,"column":6},"end":{"line":36,"column":null}},{"start":{},"end":{}}],"line":36},"1":{"loc":{"start":{"line":55,"column":4},"end":{"line":64,"column":null}},"type":"if","locations":[{"start":{"line":55,"column":4},"end":{"line":64,"column":null}},{"start":{},"end":{}}],"line":55},"2":{"loc":{"start":{"line":57,"column":6},"end":{"line":63,"column":null}},"type":"if","locations":[{"start":{"line":57,"column":6},"end":{"line":63,"column":null}},{"start":{"line":60,"column":13},"end":{"line":63,"column":null}}],"line":57},"3":{"loc":{"start":{"line":57,"column":10},"end":{"line":57,"column":51}},"type":"binary-expr","locations":[{"start":{"line":57,"column":10},"end":{"line":57,"column":20}},{"start":{"line":57,"column":20},"end":{"line":57,"column":51}}],"line":57},"4":{"loc":{"start":{"line":75,"column":4},"end":{"line":77,"column":null}},"type":"if","locations":[{"start":{"line":75,"column":4},"end":{"line":77,"column":null}},{"start":{},"end":{}}],"line":75},"5":{"loc":{"start":{"line":81,"column":4},"end":{"line":81,"column":null}},"type":"if","locations":[{"start":{"line":81,"column":4},"end":{"line":81,"column":null}},{"start":{},"end":{}}],"line":81},"6":{"loc":{"start":{"line":91,"column":4},"end":{"line":104,"column":null}},"type":"if","locations":[{"start":{"line":91,"column":4},"end":{"line":104,"column":null}},{"start":{},"end":{}}],"line":91},"7":{"loc":{"start":{"line":114,"column":4},"end":{"line":117,"column":null}},"type":"if","locations":[{"start":{"line":114,"column":4},"end":{"line":117,"column":null}},{"start":{},"end":{}}],"line":114},"8":{"loc":{"start":{"line":126,"column":6},"end":{"line":129,"column":null}},"type":"if","locations":[{"start":{"line":126,"column":6},"end":{"line":129,"column":null}},{"start":{},"end":{}}],"line":126},"9":{"loc":{"start":{"line":133,"column":6},"end":{"line":133,"column":null}},"type":"if","locations":[{"start":{"line":133,"column":6},"end":{"line":133,"column":null}},{"start":{},"end":{}}],"line":133},"10":{"loc":{"start":{"line":145,"column":4},"end":{"line":145,"column":null}},"type":"if","locations":[{"start":{"line":145,"column":4},"end":{"line":145,"column":null}},{"start":{},"end":{}}],"line":145},"11":{"loc":{"start":{"line":169,"column":2},"end":{"line":171,"column":null}},"type":"if","locations":[{"start":{"line":169,"column":2},"end":{"line":171,"column":null}},{"start":{},"end":{}}],"line":169}},"s":{"0":1,"1":1,"2":1,"3":1,"4":1,"5":17,"6":17,"7":17,"8":17,"9":5,"10":5,"11":5,"12":0,"13":5,"14":5,"15":0,"16":17,"17":7,"18":7,"19":3,"20":3,"21":2,"22":2,"23":1,"24":1,"25":7,"26":17,"27":3,"28":3,"29":1,"30":2,"31":2,"32":2,"33":0,"34":2,"35":2,"36":2,"37":2,"38":17,"39":1,"40":1,"41":1,"42":1,"43":1,"44":1,"45":1,"46":1,"47":17,"48":0,"49":0,"50":0,"51":0,"52":0,"53":0,"54":0,"55":0,"56":0,"57":0,"58":0,"59":0,"60":0,"61":0,"62":0,"63":0,"64":0,"65":17,"66":12,"67":8,"68":4,"69":0,"70":4,"71":4,"72":17,"73":17,"74":1,"75":17,"76":17,"77":0,"78":17},"f":{"0":17,"1":5,"2":7,"3":3,"4":1,"5":0,"6":12,"7":0,"8":4,"9":17},"b":{"0":[0,5],"1":[3,4],"2":[2,1],"3":[3,3],"4":[1,2],"5":[0,2],"6":[1,0],"7":[0,0],"8":[0,0],"9":[0,0],"10":[8,4],"11":[0,17]},"meta":{"lastBranch":12,"lastFunction":10,"lastStatement":79,"seen":{"s:21:6:21:Infinity":0,"s:23:27:23:Infinity":1,"s:24:28:24:Infinity":2,"s:25:31:25:Infinity":3,"s:27:63:165:Infinity":4,"f:27:63:27:64":0,"s:28:22:28:Infinity":5,"s:29:36:29:Infinity":6,"s:30:32:30:Infinity":7,"s:33:21:50:Infinity":8,"f:33:21:33:22":1,"s:34:4:49:Infinity":9,"s:35:20:35:Infinity":10,"b:36:6:36:Infinity:undefined:undefined:undefined:undefined":0,"s:36:6:36:Infinity":11,"s:36:30:36:Infinity":12,"s:37:22:37:Infinity":13,"s:38:6:46:Infinity":14,"s:48:6:48:Infinity":15,"s:53:2:66:Infinity":16,"f:53:12:53:18":2,"s:54:30:54:Infinity":17,"b:55:4:64:Infinity:undefined:undefined:undefined:undefined":1,"s:55:4:64:Infinity":18,"s:56:21:56:Infinity":19,"b:57:6:63:Infinity:60:13:63:Infinity":2,"s:57:6:63:Infinity":20,"b:57:10:57:20:57:20:57:51":3,"s:58:8:58:Infinity":21,"s:59:8:59:Infinity":22,"s:61:8:61:Infinity":23,"s:62:8:62:Infinity":24,"s:65:4:65:Infinity":25,"s:68:16:87:Infinity":26,"f:68:16:68:23":3,"s:69:21:73:Infinity":27,"b:75:4:77:Infinity:undefined:undefined:undefined:undefined":4,"s:75:4:77:Infinity":28,"s:76:6:76:Infinity":29,"s:79:17:79:Infinity":30,"s:80:19:80:Infinity":31,"b:81:4:81:Infinity:undefined:undefined:undefined:undefined":5,"s:81:4:81:Infinity":32,"s:81:17:81:Infinity":33,"s:83:4:83:Infinity":34,"s:84:4:84:Infinity":35,"s:85:4:85:Infinity":36,"s:86:4:86:Infinity":37,"s:89:17:110:Infinity":38,"f:89:17:89:29":4,"s:90:25:90:Infinity":39,"b:91:4:104:Infinity:undefined:undefined:undefined:undefined":6,"s:91:4:104:Infinity":40,"s:92:6:103:Infinity":41,"s:93:8:100:Infinity":42,"s:106:4:106:Infinity":43,"s:107:4:107:Infinity":44,"s:108:4:108:Infinity":45,"s:109:4:109:Infinity":46,"s:112:23:141:Infinity":47,"f:112:23:112:35":5,"s:113:31:113:Infinity":48,"b:114:4:117:Infinity:undefined:undefined:undefined:undefined":7,"s:114:4:117:Infinity":49,"s:115:6:115:Infinity":50,"s:116:6:116:Infinity":51,"s:119:4:140:Infinity":52,"s:120:23:124:Infinity":53,"b:126:6:129:Infinity:undefined:undefined:undefined:undefined":8,"s:126:6:129:Infinity":54,"s:127:8:127:Infinity":55,"s:128:8:128:Infinity":56,"s:131:19:131:Infinity":57,"s:132:21:132:Infinity":58,"b:133:6:133:Infinity:undefined:undefined:undefined:undefined":9,"s:133:6:133:Infinity":59,"s:133:19:133:Infinity":60,"s:135:6:135:Infinity":61,"s:136:6:136:Infinity":62,"s:137:6:137:Infinity":63,"s:139:6:139:Infinity":64,"s:144:2:152:Infinity":65,"f:144:12:144:18":6,"b:145:4:145:Infinity:undefined:undefined:undefined:undefined":10,"s:145:4:145:Infinity":66,"s:145:22:145:Infinity":67,"s:147:21:149:Infinity":68,"f:147:33:147:45":7,"s:148:6:148:Infinity":69,"s:151:4:151:Infinity":70,"f:151:11:151:17":8,"s:151:17:151:Infinity":71,"s:154:33:162:Infinity":72,"s:164:2:164:Infinity":73,"s:167:23:173:Infinity":74,"f:167:23:167:46":9,"s:168:8:168:Infinity":75,"b:169:2:171:Infinity:undefined:undefined:undefined:undefined":11,"s:169:2:171:Infinity":76,"s:170:4:170:Infinity":77,"s:172:2:172:Infinity":78}}}
,"/Users/crlaila/www/estudos/comissionamento/web/src/pages/Dashboard.css": {"path":"/Users/crlaila/www/estudos/comissionamento/web/src/pages/Dashboard.css","statementMap":{},"fnMap":{},"branchMap":{},"s":{},"f":{},"b":{},"meta":{"lastBranch":0,"lastFunction":0,"lastStatement":0,"seen":{}}}
,"/Users/crlaila/www/estudos/comissionamento/web/src/pages/EventDetail.css": {"path":"/Users/crlaila/www/estudos/comissionamento/web/src/pages/EventDetail.css","statementMap":{},"fnMap":{},"branchMap":{},"s":{},"f":{},"b":{},"meta":{"lastBranch":0,"lastFunction":0,"lastStatement":0,"seen":{}}}
,"/Users/crlaila/www/estudos/comissionamento/web/src/pages/EventDetail.tsx": {"path":"/Users/crlaila/www/estudos/comissionamento/web/src/pages/EventDetail.tsx","statementMap":{"0":{"start":{"line":18,"column":37},"end":{"line":92,"column":null}},"1":{"start":{"line":19,"column":18},"end":{"line":19,"column":null}},"2":{"start":{"line":20,"column":8},"end":{"line":20,"column":null}},"3":{"start":{"line":21,"column":40},"end":{"line":24,"column":null}},"4":{"start":{"line":26,"column":2},"end":{"line":28,"column":null}},"5":{"start":{"line":27,"column":4},"end":{"line":27,"column":null}},"6":{"start":{"line":30,"column":2},"end":{"line":37,"column":null}},"7":{"start":{"line":31,"column":4},"end":{"line":35,"column":null}},"8":{"start":{"line":34,"column":31},"end":{"line":34,"column":45}},"9":{"start":{"line":39,"column":25},"end":{"line":39,"column":null}},"10":{"start":{"line":40,"column":24},"end":{"line":40,"column":null}},"11":{"start":{"line":42,"column":2},"end":{"line":90,"column":null}},"12":{"start":{"line":44,"column":53},"end":{"line":44,"column":67}},"13":{"start":{"line":85,"column":25},"end":{"line":85,"column":null}}},"fnMap":{"0":{"name":"(anonymous_0)","decl":{"start":{"line":18,"column":37},"end":{"line":18,"column":43}},"loc":{"start":{"line":18,"column":43},"end":{"line":92,"column":null}},"line":18},"1":{"name":"(anonymous_1)","decl":{"start":{"line":34,"column":25},"end":{"line":34,"column":31}},"loc":{"start":{"line":34,"column":31},"end":{"line":34,"column":45}},"line":34},"2":{"name":"(anonymous_2)","decl":{"start":{"line":44,"column":47},"end":{"line":44,"column":53}},"loc":{"start":{"line":44,"column":53},"end":{"line":44,"column":67}},"line":44},"3":{"name":"(anonymous_3)","decl":{"start":{"line":85,"column":19},"end":{"line":85,"column":25}},"loc":{"start":{"line":85,"column":25},"end":{"line":85,"column":null}},"line":85}},"branchMap":{"0":{"loc":{"start":{"line":26,"column":2},"end":{"line":28,"column":null}},"type":"if","locations":[{"start":{"line":26,"column":2},"end":{"line":28,"column":null}},{"start":{},"end":{}}],"line":26},"1":{"loc":{"start":{"line":30,"column":2},"end":{"line":37,"column":null}},"type":"if","locations":[{"start":{"line":30,"column":2},"end":{"line":37,"column":null}},{"start":{},"end":{}}],"line":30},"2":{"loc":{"start":{"line":30,"column":6},"end":{"line":30,"column":23}},"type":"binary-expr","locations":[{"start":{"line":30,"column":6},"end":{"line":30,"column":15}},{"start":{"line":30,"column":15},"end":{"line":30,"column":23}}],"line":30},"3":{"loc":{"start":{"line":39,"column":25},"end":{"line":39,"column":null}},"type":"cond-expr","locations":[{"start":{"line":39,"column":62},"end":{"line":39,"column":76}},{"start":{"line":39,"column":76},"end":{"line":39,"column":null}}],"line":39},"4":{"loc":{"start":{"line":40,"column":24},"end":{"line":40,"column":null}},"type":"cond-expr","locations":[{"start":{"line":40,"column":61},"end":{"line":40,"column":67}},{"start":{"line":40,"column":67},"end":{"line":40,"column":null}}],"line":40}},"s":{"0":1,"1":5,"2":5,"3":5,"4":5,"5":1,"6":4,"7":1,"8":1,"9":3,"10":5,"11":5,"12":0,"13":1},"f":{"0":5,"1":1,"2":0,"3":1},"b":{"0":[1,4],"1":[1,3],"2":[4,3],"3":[2,1],"4":[2,1]},"meta":{"lastBranch":5,"lastFunction":4,"lastStatement":14,"seen":{"s:18:37:92:Infinity":0,"f:18:37:18:43":0,"s:19:18:19:Infinity":1,"s:20:8:20:Infinity":2,"s:21:40:24:Infinity":3,"b:26:2:28:Infinity:undefined:undefined:undefined:undefined":0,"s:26:2:28:Infinity":4,"s:27:4:27:Infinity":5,"b:30:2:37:Infinity:undefined:undefined:undefined:undefined":1,"s:30:2:37:Infinity":6,"b:30:6:30:15:30:15:30:23":2,"s:31:4:35:Infinity":7,"f:34:25:34:31":1,"s:34:31:34:45":8,"s:39:25:39:Infinity":9,"b:39:62:39:76:39:76:39:Infinity":3,"s:40:24:40:Infinity":10,"b:40:61:40:67:40:67:40:Infinity":4,"s:42:2:90:Infinity":11,"f:44:47:44:53":2,"s:44:53:44:67":12,"f:85:19:85:25":3,"s:85:25:85:Infinity":13}}}
,"/Users/crlaila/www/estudos/comissionamento/web/src/pages/GoalManagement.css": {"path":"/Users/crlaila/www/estudos/comissionamento/web/src/pages/GoalManagement.css","statementMap":{},"fnMap":{},"branchMap":{},"s":{},"f":{},"b":{},"meta":{"lastBranch":0,"lastFunction":0,"lastStatement":0,"seen":{}}}
,"/Users/crlaila/www/estudos/comissionamento/web/src/pages/GoalManagement.tsx": {"path":"/Users/crlaila/www/estudos/comissionamento/web/src/pages/GoalManagement.tsx","statementMap":{"0":{"start":{"line":18,"column":18},"end":{"line":23,"column":null}},"1":{"start":{"line":25,"column":18},"end":{"line":26,"column":null}},"2":{"start":{"line":25,"column":19},"end":{"line":26,"column":null}},"3":{"start":{"line":28,"column":40},"end":{"line":279,"column":null}},"4":{"start":{"line":29,"column":28},"end":{"line":29,"column":null}},"5":{"start":{"line":30,"column":30},"end":{"line":30,"column":null}},"6":{"start":{"line":31,"column":30},"end":{"line":31,"column":null}},"7":{"start":{"line":32,"column":32},"end":{"line":32,"column":null}},"8":{"start":{"line":33,"column":30},"end":{"line":33,"column":null}},"9":{"start":{"line":34,"column":28},"end":{"line":34,"column":null}},"10":{"start":{"line":35,"column":32},"end":{"line":35,"column":null}},"11":{"start":{"line":37,"column":22},"end":{"line":37,"column":null}},"12":{"start":{"line":38,"column":37},"end":{"line":41,"column":null}},"13":{"start":{"line":43,"column":24},"end":{"line":45,"column":null}},"14":{"start":{"line":47,"column":2},"end":{"line":52,"column":null}},"15":{"start":{"line":48,"column":4},"end":{"line":51,"column":null}},"16":{"start":{"line":49,"column":6},"end":{"line":49,"column":null}},"17":{"start":{"line":50,"column":6},"end":{"line":50,"column":null}},"18":{"start":{"line":54,"column":2},"end":{"line":56,"column":null}},"19":{"start":{"line":55,"column":4},"end":{"line":55,"column":null}},"20":{"start":{"line":58,"column":20},"end":{"line":68,"column":null}},"21":{"start":{"line":59,"column":4},"end":{"line":59,"column":null}},"22":{"start":{"line":60,"column":4},"end":{"line":65,"column":null}},"23":{"start":{"line":66,"column":4},"end":{"line":66,"column":null}},"24":{"start":{"line":67,"column":4},"end":{"line":67,"column":null}},"25":{"start":{"line":70,"column":20},"end":{"line":74,"column":null}},"26":{"start":{"line":71,"column":4},"end":{"line":71,"column":null}},"27":{"start":{"line":72,"column":4},"end":{"line":72,"column":null}},"28":{"start":{"line":73,"column":4},"end":{"line":73,"column":null}},"29":{"start":{"line":76,"column":23},"end":{"line":133,"column":null}},"30":{"start":{"line":77,"column":4},"end":{"line":77,"column":null}},"31":{"start":{"line":78,"column":4},"end":{"line":78,"column":null}},"32":{"start":{"line":80,"column":4},"end":{"line":88,"column":null}},"33":{"start":{"line":86,"column":6},"end":{"line":86,"column":null}},"34":{"start":{"line":87,"column":6},"end":{"line":87,"column":null}},"35":{"start":{"line":90,"column":19},"end":{"line":90,"column":null}},"36":{"start":{"line":91,"column":16},"end":{"line":91,"column":null}},"37":{"start":{"line":92,"column":19},"end":{"line":92,"column":null}},"38":{"start":{"line":93,"column":17},"end":{"line":105,"column":null}},"39":{"start":{"line":107,"column":4},"end":{"line":132,"column":null}},"40":{"start":{"line":108,"column":23},"end":{"line":115,"column":null}},"41":{"start":{"line":117,"column":6},"end":{"line":119,"column":null}},"42":{"start":{"line":118,"column":8},"end":{"line":118,"column":null}},"43":{"start":{"line":121,"column":6},"end":{"line":124,"column":null}},"44":{"start":{"line":125,"column":6},"end":{"line":125,"column":null}},"45":{"start":{"line":126,"column":6},"end":{"line":126,"column":null}},"46":{"start":{"line":126,"column":26},"end":{"line":126,"column":31}},"47":{"start":{"line":128,"column":6},"end":{"line":131,"column":null}},"48":{"start":{"line":135,"column":2},"end":{"line":277,"column":null}},"49":{"start":{"line":149,"column":29},"end":{"line":149,"column":null}},"50":{"start":{"line":157,"column":12},"end":{"line":163,"column":null}},"51":{"start":{"line":158,"column":14},"end":{"line":158,"column":null}},"52":{"start":{"line":160,"column":14},"end":{"line":160,"column":null}},"53":{"start":{"line":161,"column":14},"end":{"line":161,"column":null}},"54":{"start":{"line":162,"column":14},"end":{"line":162,"column":null}},"55":{"start":{"line":183,"column":31},"end":{"line":183,"column":null}},"56":{"start":{"line":198,"column":18},"end":{"line":198,"column":null}},"57":{"start":{"line":212,"column":18},"end":{"line":212,"column":null}},"58":{"start":{"line":227,"column":16},"end":{"line":227,"column":null}},"59":{"start":{"line":258,"column":18},"end":{"line":268,"column":null}},"60":{"start":{"line":264,"column":69},"end":{"line":264,"column":86}}},"fnMap":{"0":{"name":"(anonymous_0)","decl":{"start":{"line":25,"column":18},"end":{"line":25,"column":19}},"loc":{"start":{"line":25,"column":19},"end":{"line":26,"column":null}},"line":25},"1":{"name":"(anonymous_1)","decl":{"start":{"line":28,"column":40},"end":{"line":28,"column":46}},"loc":{"start":{"line":28,"column":46},"end":{"line":279,"column":null}},"line":28},"2":{"name":"(anonymous_2)","decl":{"start":{"line":47,"column":12},"end":{"line":47,"column":18}},"loc":{"start":{"line":47,"column":18},"end":{"line":52,"column":5}},"line":47},"3":{"name":"(anonymous_3)","decl":{"start":{"line":58,"column":20},"end":{"line":58,"column":21}},"loc":{"start":{"line":58,"column":36},"end":{"line":68,"column":null}},"line":58},"4":{"name":"(anonymous_4)","decl":{"start":{"line":70,"column":20},"end":{"line":70,"column":26}},"loc":{"start":{"line":70,"column":26},"end":{"line":74,"column":null}},"line":70},"5":{"name":"(anonymous_5)","decl":{"start":{"line":76,"column":23},"end":{"line":76,"column":30}},"loc":{"start":{"line":76,"column":53},"end":{"line":133,"column":null}},"line":76},"6":{"name":"(anonymous_6)","decl":{"start":{"line":126,"column":19},"end":{"line":126,"column":20}},"loc":{"start":{"line":126,"column":26},"end":{"line":126,"column":31}},"line":126},"7":{"name":"(anonymous_7)","decl":{"start":{"line":149,"column":22},"end":{"line":149,"column":23}},"loc":{"start":{"line":149,"column":29},"end":{"line":149,"column":null}},"line":149},"8":{"name":"(anonymous_8)","decl":{"start":{"line":156,"column":19},"end":{"line":156,"column":25}},"loc":{"start":{"line":156,"column":25},"end":{"line":164,"column":null}},"line":156},"9":{"name":"(anonymous_9)","decl":{"start":{"line":183,"column":24},"end":{"line":183,"column":25}},"loc":{"start":{"line":183,"column":31},"end":{"line":183,"column":null}},"line":183},"10":{"name":"(anonymous_10)","decl":{"start":{"line":197,"column":26},"end":{"line":197,"column":27}},"loc":{"start":{"line":198,"column":18},"end":{"line":198,"column":null}},"line":198},"11":{"name":"(anonymous_11)","decl":{"start":{"line":211,"column":26},"end":{"line":211,"column":27}},"loc":{"start":{"line":212,"column":18},"end":{"line":212,"column":null}},"line":212},"12":{"name":"(anonymous_12)","decl":{"start":{"line":226,"column":24},"end":{"line":226,"column":25}},"loc":{"start":{"line":227,"column":16},"end":{"line":227,"column":null}},"line":227},"13":{"name":"(anonymous_13)","decl":{"start":{"line":257,"column":27},"end":{"line":257,"column":28}},"loc":{"start":{"line":258,"column":18},"end":{"line":268,"column":null}},"line":258},"14":{"name":"(anonymous_14)","decl":{"start":{"line":264,"column":63},"end":{"line":264,"column":69}},"loc":{"start":{"line":264,"column":69},"end":{"line":264,"column":86}},"line":264}},"branchMap":{"0":{"loc":{"start":{"line":37,"column":22},"end":{"line":37,"column":null}},"type":"cond-expr","locations":[{"start":{"line":37,"column":33},"end":{"line":37,"column":76}},{"start":{"line":37,"column":76},"end":{"line":37,"column":null}}],"line":37},"1":{"loc":{"start":{"line":43,"column":24},"end":{"line":45,"column":null}},"type":"cond-expr","locations":[{"start":{"line":44,"column":6},"end":{"line":44,"column":null}},{"start":{"line":45,"column":6},"end":{"line":45,"column":null}}],"line":43},"2":{"loc":{"start":{"line":45,"column":6},"end":{"line":45,"column":null}},"type":"binary-expr","locations":[{"start":{"line":45,"column":6},"end":{"line":45,"column":26}},{"start":{"line":45,"column":26},"end":{"line":45,"column":null}}],"line":45},"3":{"loc":{"start":{"line":48,"column":4},"end":{"line":51,"column":null}},"type":"if","locations":[{"start":{"line":48,"column":4},"end":{"line":51,"column":null}},{"start":{},"end":{}}],"line":48},"4":{"loc":{"start":{"line":54,"column":2},"end":{"line":56,"column":null}},"type":"if","locations":[{"start":{"line":54,"column":2},"end":{"line":56,"column":null}},{"start":{},"end":{}}],"line":54},"5":{"loc":{"start":{"line":54,"column":6},"end":{"line":54,"column":58}},"type":"binary-expr","locations":[{"start":{"line":54,"column":6},"end":{"line":54,"column":34}},{"start":{"line":54,"column":34},"end":{"line":54,"column":58}}],"line":54},"6":{"loc":{"start":{"line":80,"column":4},"end":{"line":88,"column":null}},"type":"if","locations":[{"start":{"line":80,"column":4},"end":{"line":88,"column":null}},{"start":{},"end":{}}],"line":80},"7":{"loc":{"start":{"line":81,"column":6},"end":{"line":84,"column":null}},"type":"binary-expr","locations":[{"start":{"line":81,"column":6},"end":{"line":81,"column":null}},{"start":{"line":82,"column":6},"end":{"line":82,"column":null}},{"start":{"line":83,"column":6},"end":{"line":83,"column":null}},{"start":{"line":84,"column":6},"end":{"line":84,"column":null}}],"line":81},"8":{"loc":{"start":{"line":91,"column":16},"end":{"line":91,"column":null}},"type":"cond-expr","locations":[{"start":{"line":91,"column":25},"end":{"line":91,"column":53}},{"start":{"line":91,"column":53},"end":{"line":91,"column":null}}],"line":91},"9":{"loc":{"start":{"line":92,"column":19},"end":{"line":92,"column":null}},"type":"cond-expr","locations":[{"start":{"line":92,"column":28},"end":{"line":92,"column":36}},{"start":{"line":92,"column":36},"end":{"line":92,"column":null}}],"line":92},"10":{"loc":{"start":{"line":93,"column":17},"end":{"line":105,"column":null}},"type":"cond-expr","locations":[{"start":{"line":94,"column":8},"end":{"line":98,"column":null}},{"start":{"line":99,"column":8},"end":{"line":105,"column":null}}],"line":93},"11":{"loc":{"start":{"line":112,"column":35},"end":{"line":112,"column":52}},"type":"binary-expr","locations":[{"start":{"line":112,"column":35},"end":{"line":112,"column":50}},{"start":{"line":112,"column":50},"end":{"line":112,"column":52}}],"line":112},"12":{"loc":{"start":{"line":117,"column":6},"end":{"line":119,"column":null}},"type":"if","locations":[{"start":{"line":117,"column":6},"end":{"line":119,"column":null}},{"start":{},"end":{}}],"line":117},"13":{"loc":{"start":{"line":118,"column":24},"end":{"line":118,"column":82}},"type":"cond-expr","locations":[{"start":{"line":118,"column":33},"end":{"line":118,"column":61}},{"start":{"line":118,"column":61},"end":{"line":118,"column":82}}],"line":118},"14":{"loc":{"start":{"line":123,"column":14},"end":{"line":123,"column":null}},"type":"cond-expr","locations":[{"start":{"line":123,"column":23},"end":{"line":123,"column":56}},{"start":{"line":123,"column":56},"end":{"line":123,"column":null}}],"line":123},"15":{"loc":{"start":{"line":130,"column":14},"end":{"line":130,"column":null}},"type":"cond-expr","locations":[{"start":{"line":130,"column":37},"end":{"line":130,"column":51}},{"start":{"line":130,"column":51},"end":{"line":130,"column":null}}],"line":130},"16":{"loc":{"start":{"line":157,"column":12},"end":{"line":163,"column":null}},"type":"if","locations":[{"start":{"line":157,"column":12},"end":{"line":163,"column":null}},{"start":{"line":159,"column":19},"end":{"line":163,"column":null}}],"line":157},"17":{"loc":{"start":{"line":167,"column":11},"end":{"line":167,"column":null}},"type":"cond-expr","locations":[{"start":{"line":167,"column":22},"end":{"line":167,"column":37}},{"start":{"line":167,"column":37},"end":{"line":167,"column":null}}],"line":167},"18":{"loc":{"start":{"line":171,"column":7},"end":{"line":172,"column":null}},"type":"binary-expr","locations":[{"start":{"line":171,"column":7},"end":{"line":171,"column":null}},{"start":{"line":172,"column":8},"end":{"line":172,"column":null}}],"line":171},"19":{"loc":{"start":{"line":175,"column":7},"end":{"line":237,"column":null}},"type":"binary-expr","locations":[{"start":{"line":175,"column":7},"end":{"line":175,"column":null}},{"start":{"line":176,"column":8},"end":{"line":237,"column":null}}],"line":175},"20":{"loc":{"start":{"line":235,"column":13},"end":{"line":235,"column":null}},"type":"cond-expr","locations":[{"start":{"line":235,"column":34},"end":{"line":235,"column":56}},{"start":{"line":235,"column":56},"end":{"line":235,"column":null}}],"line":235},"21":{"loc":{"start":{"line":240,"column":7},"end":{"line":275,"column":null}},"type":"binary-expr","locations":[{"start":{"line":240,"column":7},"end":{"line":240,"column":null}},{"start":{"line":241,"column":8},"end":{"line":275,"column":null}}],"line":240},"22":{"loc":{"start":{"line":243,"column":11},"end":{"line":273,"column":null}},"type":"cond-expr","locations":[{"start":{"line":244,"column":12},"end":{"line":244,"column":null}},{"start":{"line":245,"column":14},"end":{"line":273,"column":null}}],"line":243},"23":{"loc":{"start":{"line":245,"column":14},"end":{"line":273,"column":null}},"type":"cond-expr","locations":[{"start":{"line":246,"column":12},"end":{"line":271,"column":null}},{"start":{"line":273,"column":12},"end":{"line":273,"column":null}}],"line":245},"24":{"loc":{"start":{"line":259,"column":25},"end":{"line":259,"column":64}},"type":"binary-expr","locations":[{"start":{"line":259,"column":25},"end":{"line":259,"column":42}},{"start":{"line":259,"column":42},"end":{"line":259,"column":64}}],"line":259}},"s":{"0":1,"1":1,"2":12,"3":1,"4":43,"5":43,"6":43,"7":43,"8":43,"9":43,"10":43,"11":43,"12":43,"13":43,"14":43,"15":15,"16":10,"17":10,"18":43,"19":1,"20":42,"21":2,"22":2,"23":2,"24":2,"25":42,"26":2,"27":2,"28":2,"29":42,"30":4,"31":4,"32":4,"33":1,"34":1,"35":3,"36":3,"37":4,"38":4,"39":4,"40":4,"41":3,"42":1,"43":2,"44":4,"45":4,"46":2,"47":1,"48":42,"49":6,"50":3,"51":0,"52":3,"53":3,"54":3,"55":2,"56":3,"57":2,"58":2,"59":12,"60":2},"f":{"0":12,"1":43,"2":15,"3":2,"4":2,"5":4,"6":2,"7":6,"8":3,"9":2,"10":3,"11":2,"12":2,"13":12,"14":2},"b":{"0":[35,8],"1":[15,28],"2":[28,28],"3":[10,5],"4":[1,42],"5":[43,1],"6":[1,3],"7":[4,3,3,3],"8":[1,2],"9":[1,2],"10":[1,2],"11":[4,0],"12":[1,2],"13":[0,1],"14":[1,1],"15":[1,0],"16":[0,3],"17":[19,23],"18":[43,6],"19":[43,19],"20":[4,15],"21":[43,35],"22":[0,35],"23":[12,23],"24":[12,0]},"meta":{"lastBranch":25,"lastFunction":15,"lastStatement":61,"seen":{"s:18:18:23:Infinity":0,"s:25:18:26:Infinity":1,"f:25:18:25:19":0,"s:25:19:26:Infinity":2,"s:28:40:279:Infinity":3,"f:28:40:28:46":1,"s:29:28:29:Infinity":4,"s:30:30:30:Infinity":5,"s:31:30:31:Infinity":6,"s:32:32:32:Infinity":7,"s:33:30:33:Infinity":8,"s:34:28:34:Infinity":9,"s:35:32:35:Infinity":10,"s:37:22:37:Infinity":11,"b:37:33:37:76:37:76:37:Infinity":0,"s:38:37:41:Infinity":12,"s:43:24:45:Infinity":13,"b:44:6:44:Infinity:45:6:45:Infinity":1,"b:45:6:45:26:45:26:45:Infinity":2,"s:47:2:52:Infinity":14,"f:47:12:47:18":2,"b:48:4:51:Infinity:undefined:undefined:undefined:undefined":3,"s:48:4:51:Infinity":15,"s:49:6:49:Infinity":16,"s:50:6:50:Infinity":17,"b:54:2:56:Infinity:undefined:undefined:undefined:undefined":4,"s:54:2:56:Infinity":18,"b:54:6:54:34:54:34:54:58":5,"s:55:4:55:Infinity":19,"s:58:20:68:Infinity":20,"f:58:20:58:21":3,"s:59:4:59:Infinity":21,"s:60:4:65:Infinity":22,"s:66:4:66:Infinity":23,"s:67:4:67:Infinity":24,"s:70:20:74:Infinity":25,"f:70:20:70:26":4,"s:71:4:71:Infinity":26,"s:72:4:72:Infinity":27,"s:73:4:73:Infinity":28,"s:76:23:133:Infinity":29,"f:76:23:76:30":5,"s:77:4:77:Infinity":30,"s:78:4:78:Infinity":31,"b:80:4:88:Infinity:undefined:undefined:undefined:undefined":6,"s:80:4:88:Infinity":32,"b:81:6:81:Infinity:82:6:82:Infinity:83:6:83:Infinity:84:6:84:Infinity":7,"s:86:6:86:Infinity":33,"s:87:6:87:Infinity":34,"s:90:19:90:Infinity":35,"s:91:16:91:Infinity":36,"b:91:25:91:53:91:53:91:Infinity":8,"s:92:19:92:Infinity":37,"b:92:28:92:36:92:36:92:Infinity":9,"s:93:17:105:Infinity":38,"b:94:8:98:Infinity:99:8:105:Infinity":10,"s:107:4:132:Infinity":39,"s:108:23:115:Infinity":40,"b:112:35:112:50:112:50:112:52":11,"b:117:6:119:Infinity:undefined:undefined:undefined:undefined":12,"s:117:6:119:Infinity":41,"s:118:8:118:Infinity":42,"b:118:33:118:61:118:61:118:82":13,"s:121:6:124:Infinity":43,"b:123:23:123:56:123:56:123:Infinity":14,"s:125:6:125:Infinity":44,"s:126:6:126:Infinity":45,"f:126:19:126:20":6,"s:126:26:126:31":46,"s:128:6:131:Infinity":47,"b:130:37:130:51:130:51:130:Infinity":15,"s:135:2:277:Infinity":48,"f:149:22:149:23":7,"s:149:29:149:Infinity":49,"f:156:19:156:25":8,"b:157:12:163:Infinity:159:19:163:Infinity":16,"s:157:12:163:Infinity":50,"s:158:14:158:Infinity":51,"s:160:14:160:Infinity":52,"s:161:14:161:Infinity":53,"s:162:14:162:Infinity":54,"b:167:22:167:37:167:37:167:Infinity":17,"b:171:7:171:Infinity:172:8:172:Infinity":18,"b:175:7:175:Infinity:176:8:237:Infinity":19,"f:183:24:183:25":9,"s:183:31:183:Infinity":55,"f:197:26:197:27":10,"s:198:18:198:Infinity":56,"f:211:26:211:27":11,"s:212:18:212:Infinity":57,"f:226:24:226:25":12,"s:227:16:227:Infinity":58,"b:235:34:235:56:235:56:235:Infinity":20,"b:240:7:240:Infinity:241:8:275:Infinity":21,"b:244:12:244:Infinity:245:14:273:Infinity":22,"b:246:12:271:Infinity:273:12:273:Infinity":23,"f:257:27:257:28":13,"s:258:18:268:Infinity":59,"b:259:25:259:42:259:42:259:64":24,"f:264:63:264:69":14,"s:264:69:264:86":60}}}
,"/Users/crlaila/www/estudos/comissionamento/web/src/pages/Login.css": {"path":"/Users/crlaila/www/estudos/comissionamento/web/src/pages/Login.css","statementMap":{},"fnMap":{},"branchMap":{},"s":{},"f":{},"b":{},"meta":{"lastBranch":0,"lastFunction":0,"lastStatement":0,"seen":{}}}
,"/Users/crlaila/www/estudos/comissionamento/web/src/pages/Login.tsx": {"path":"/Users/crlaila/www/estudos/comissionamento/web/src/pages/Login.tsx","statementMap":{"0":{"start":{"line":6,"column":31},"end":{"line":93,"column":null}},"1":{"start":{"line":7,"column":24},"end":{"line":7,"column":null}},"2":{"start":{"line":8,"column":30},"end":{"line":8,"column":null}},"3":{"start":{"line":9,"column":24},"end":{"line":9,"column":null}},"4":{"start":{"line":10,"column":32},"end":{"line":10,"column":null}},"5":{"start":{"line":11,"column":8},"end":{"line":11,"column":null}},"6":{"start":{"line":12,"column":16},"end":{"line":12,"column":null}},"7":{"start":{"line":14,"column":23},"end":{"line":24,"column":null}},"8":{"start":{"line":15,"column":4},"end":{"line":18,"column":null}},"9":{"start":{"line":16,"column":6},"end":{"line":16,"column":null}},"10":{"start":{"line":17,"column":6},"end":{"line":17,"column":null}},"11":{"start":{"line":19,"column":4},"end":{"line":22,"column":null}},"12":{"start":{"line":20,"column":6},"end":{"line":20,"column":null}},"13":{"start":{"line":21,"column":6},"end":{"line":21,"column":null}},"14":{"start":{"line":23,"column":4},"end":{"line":23,"column":null}},"15":{"start":{"line":26,"column":23},"end":{"line":47,"column":null}},"16":{"start":{"line":27,"column":4},"end":{"line":27,"column":null}},"17":{"start":{"line":28,"column":4},"end":{"line":28,"column":null}},"18":{"start":{"line":30,"column":4},"end":{"line":32,"column":null}},"19":{"start":{"line":31,"column":6},"end":{"line":31,"column":null}},"20":{"start":{"line":34,"column":4},"end":{"line":34,"column":null}},"21":{"start":{"line":35,"column":4},"end":{"line":46,"column":null}},"22":{"start":{"line":36,"column":6},"end":{"line":36,"column":null}},"23":{"start":{"line":37,"column":6},"end":{"line":37,"column":null}},"24":{"start":{"line":39,"column":6},"end":{"line":43,"column":null}},"25":{"start":{"line":40,"column":8},"end":{"line":40,"column":null}},"26":{"start":{"line":42,"column":8},"end":{"line":42,"column":null}},"27":{"start":{"line":45,"column":6},"end":{"line":45,"column":null}},"28":{"start":{"line":49,"column":2},"end":{"line":91,"column":null}},"29":{"start":{"line":64,"column":31},"end":{"line":64,"column":null}},"30":{"start":{"line":76,"column":31},"end":{"line":76,"column":null}}},"fnMap":{"0":{"name":"(anonymous_0)","decl":{"start":{"line":6,"column":31},"end":{"line":6,"column":37}},"loc":{"start":{"line":6,"column":37},"end":{"line":93,"column":null}},"line":6},"1":{"name":"(anonymous_1)","decl":{"start":{"line":14,"column":23},"end":{"line":14,"column":38}},"loc":{"start":{"line":14,"column":38},"end":{"line":24,"column":null}},"line":14},"2":{"name":"(anonymous_2)","decl":{"start":{"line":26,"column":23},"end":{"line":26,"column":30}},"loc":{"start":{"line":26,"column":53},"end":{"line":47,"column":null}},"line":26},"3":{"name":"(anonymous_3)","decl":{"start":{"line":64,"column":24},"end":{"line":64,"column":25}},"loc":{"start":{"line":64,"column":31},"end":{"line":64,"column":null}},"line":64},"4":{"name":"(anonymous_4)","decl":{"start":{"line":76,"column":24},"end":{"line":76,"column":25}},"loc":{"start":{"line":76,"column":31},"end":{"line":76,"column":null}},"line":76}},"branchMap":{"0":{"loc":{"start":{"line":15,"column":4},"end":{"line":18,"column":null}},"type":"if","locations":[{"start":{"line":15,"column":4},"end":{"line":18,"column":null}},{"start":{},"end":{}}],"line":15},"1":{"loc":{"start":{"line":19,"column":4},"end":{"line":22,"column":null}},"type":"if","locations":[{"start":{"line":19,"column":4},"end":{"line":22,"column":null}},{"start":{},"end":{}}],"line":19},"2":{"loc":{"start":{"line":30,"column":4},"end":{"line":32,"column":null}},"type":"if","locations":[{"start":{"line":30,"column":4},"end":{"line":32,"column":null}},{"start":{},"end":{}}],"line":30},"3":{"loc":{"start":{"line":39,"column":6},"end":{"line":43,"column":null}},"type":"if","locations":[{"start":{"line":39,"column":6},"end":{"line":43,"column":null}},{"start":{"line":41,"column":13},"end":{"line":43,"column":null}}],"line":39},"4":{"loc":{"start":{"line":56,"column":11},"end":{"line":56,"column":null}},"type":"binary-expr","locations":[{"start":{"line":56,"column":11},"end":{"line":56,"column":20}},{"start":{"line":56,"column":20},"end":{"line":56,"column":null}}],"line":56},"5":{"loc":{"start":{"line":87,"column":13},"end":{"line":87,"column":null}},"type":"cond-expr","locations":[{"start":{"line":87,"column":25},"end":{"line":87,"column":41}},{"start":{"line":87,"column":41},"end":{"line":87,"column":null}}],"line":87}},"s":{"0":1,"1":80,"2":80,"3":80,"4":80,"5":80,"6":80,"7":80,"8":4,"9":1,"10":1,"11":3,"12":1,"13":1,"14":2,"15":80,"16":4,"17":4,"18":4,"19":2,"20":2,"21":2,"22":2,"23":0,"24":1,"25":1,"26":0,"27":1,"28":80,"29":48,"30":22},"f":{"0":80,"1":4,"2":4,"3":48,"4":22},"b":{"0":[1,3],"1":[1,2],"2":[2,2],"3":[1,0],"4":[80,3],"5":[2,78]},"meta":{"lastBranch":6,"lastFunction":5,"lastStatement":31,"seen":{"s:6:31:93:Infinity":0,"f:6:31:6:37":0,"s:7:24:7:Infinity":1,"s:8:30:8:Infinity":2,"s:9:24:9:Infinity":3,"s:10:32:10:Infinity":4,"s:11:8:11:Infinity":5,"s:12:16:12:Infinity":6,"s:14:23:24:Infinity":7,"f:14:23:14:38":1,"b:15:4:18:Infinity:undefined:undefined:undefined:undefined":0,"s:15:4:18:Infinity":8,"s:16:6:16:Infinity":9,"s:17:6:17:Infinity":10,"b:19:4:22:Infinity:undefined:undefined:undefined:undefined":1,"s:19:4:22:Infinity":11,"s:20:6:20:Infinity":12,"s:21:6:21:Infinity":13,"s:23:4:23:Infinity":14,"s:26:23:47:Infinity":15,"f:26:23:26:30":2,"s:27:4:27:Infinity":16,"s:28:4:28:Infinity":17,"b:30:4:32:Infinity:undefined:undefined:undefined:undefined":2,"s:30:4:32:Infinity":18,"s:31:6:31:Infinity":19,"s:34:4:34:Infinity":20,"s:35:4:46:Infinity":21,"s:36:6:36:Infinity":22,"s:37:6:37:Infinity":23,"b:39:6:43:Infinity:41:13:43:Infinity":3,"s:39:6:43:Infinity":24,"s:40:8:40:Infinity":25,"s:42:8:42:Infinity":26,"s:45:6:45:Infinity":27,"s:49:2:91:Infinity":28,"b:56:11:56:20:56:20:56:Infinity":4,"f:64:24:64:25":3,"s:64:31:64:Infinity":29,"f:76:24:76:25":4,"s:76:31:76:Infinity":30,"b:87:25:87:41:87:41:87:Infinity":5}}}
,"/Users/crlaila/www/estudos/comissionamento/web/src/pages/OrgDashboard.tsx": {"path":"/Users/crlaila/www/estudos/comissionamento/web/src/pages/OrgDashboard.tsx","statementMap":{"0":{"start":{"line":18,"column":18},"end":{"line":24,"column":null}},"1":{"start":{"line":19,"column":16},"end":{"line":19,"column":null}},"2":{"start":{"line":20,"column":2},"end":{"line":23,"column":null}},"3":{"start":{"line":26,"column":38},"end":{"line":86,"column":null}},"4":{"start":{"line":27,"column":59},"end":{"line":28,"column":null}},"5":{"start":{"line":29,"column":25},"end":{"line":30,"column":null}},"6":{"start":{"line":32,"column":2},"end":{"line":34,"column":null}},"7":{"start":{"line":33,"column":4},"end":{"line":33,"column":null}},"8":{"start":{"line":36,"column":2},"end":{"line":38,"column":null}},"9":{"start":{"line":37,"column":4},"end":{"line":37,"column":null}},"10":{"start":{"line":40,"column":2},"end":{"line":84,"column":null}}},"fnMap":{"0":{"name":"(anonymous_0)","decl":{"start":{"line":18,"column":18},"end":{"line":18,"column":19}},"loc":{"start":{"line":18,"column":48},"end":{"line":24,"column":null}},"line":18},"1":{"name":"(anonymous_1)","decl":{"start":{"line":26,"column":38},"end":{"line":26,"column":44}},"loc":{"start":{"line":26,"column":44},"end":{"line":86,"column":null}},"line":26}},"branchMap":{"0":{"loc":{"start":{"line":32,"column":2},"end":{"line":34,"column":null}},"type":"if","locations":[{"start":{"line":32,"column":2},"end":{"line":34,"column":null}},{"start":{},"end":{}}],"line":32},"1":{"loc":{"start":{"line":36,"column":2},"end":{"line":38,"column":null}},"type":"if","locations":[{"start":{"line":36,"column":2},"end":{"line":38,"column":null}},{"start":{},"end":{}}],"line":36},"2":{"loc":{"start":{"line":62,"column":13},"end":{"line":65,"column":null}},"type":"binary-expr","locations":[{"start":{"line":62,"column":13},"end":{"line":62,"column":null}},{"start":{"line":63,"column":14},"end":{"line":65,"column":null}}],"line":62}},"s":{"0":1,"1":4,"2":4,"3":1,"4":5,"5":5,"6":5,"7":1,"8":4,"9":0,"10":4},"f":{"0":4,"1":5},"b":{"0":[1,4],"1":[0,4],"2":[4,2]},"meta":{"lastBranch":3,"lastFunction":2,"lastStatement":11,"seen":{"s:18:18:24:Infinity":0,"f:18:18:18:19":0,"s:19:16:19:Infinity":1,"s:20:2:23:Infinity":2,"s:26:38:86:Infinity":3,"f:26:38:26:44":1,"s:27:59:28:Infinity":4,"s:29:25:30:Infinity":5,"b:32:2:34:Infinity:undefined:undefined:undefined:undefined":0,"s:32:2:34:Infinity":6,"s:33:4:33:Infinity":7,"b:36:2:38:Infinity:undefined:undefined:undefined:undefined":1,"s:36:2:38:Infinity":8,"s:37:4:37:Infinity":9,"s:40:2:84:Infinity":10,"b:62:13:62:Infinity:63:14:65:Infinity":2}}}
,"/Users/crlaila/www/estudos/comissionamento/web/src/pages/RepDashboard.tsx": {"path":"/Users/crlaila/www/estudos/comissionamento/web/src/pages/RepDashboard.tsx","statementMap":{"0":{"start":{"line":32,"column":18},"end":{"line":38,"column":null}},"1":{"start":{"line":33,"column":16},"end":{"line":33,"column":null}},"2":{"start":{"line":34,"column":2},"end":{"line":37,"column":null}},"3":{"start":{"line":40,"column":38},"end":{"line":129,"column":null}},"4":{"start":{"line":41,"column":15},"end":{"line":41,"column":null}},"5":{"start":{"line":42,"column":59},"end":{"line":43,"column":null}},"6":{"start":{"line":44,"column":25},"end":{"line":45,"column":null}},"7":{"start":{"line":47,"column":2},"end":{"line":49,"column":null}},"8":{"start":{"line":48,"column":4},"end":{"line":48,"column":null}},"9":{"start":{"line":51,"column":2},"end":{"line":53,"column":null}},"10":{"start":{"line":52,"column":4},"end":{"line":52,"column":null}},"11":{"start":{"line":55,"column":20},"end":{"line":55,"column":null}},"12":{"start":{"line":56,"column":22},"end":{"line":56,"column":null}},"13":{"start":{"line":58,"column":2},"end":{"line":127,"column":null}},"14":{"start":{"line":109,"column":16},"end":{"line":115,"column":null}}},"fnMap":{"0":{"name":"(anonymous_0)","decl":{"start":{"line":32,"column":18},"end":{"line":32,"column":19}},"loc":{"start":{"line":32,"column":48},"end":{"line":38,"column":null}},"line":32},"1":{"name":"(anonymous_1)","decl":{"start":{"line":40,"column":38},"end":{"line":40,"column":44}},"loc":{"start":{"line":40,"column":44},"end":{"line":129,"column":null}},"line":40},"2":{"name":"(anonymous_2)","decl":{"start":{"line":108,"column":47},"end":{"line":108,"column":48}},"loc":{"start":{"line":109,"column":16},"end":{"line":115,"column":null}},"line":109}},"branchMap":{"0":{"loc":{"start":{"line":47,"column":2},"end":{"line":49,"column":null}},"type":"if","locations":[{"start":{"line":47,"column":2},"end":{"line":49,"column":null}},{"start":{},"end":{}}],"line":47},"1":{"loc":{"start":{"line":51,"column":2},"end":{"line":53,"column":null}},"type":"if","locations":[{"start":{"line":51,"column":2},"end":{"line":53,"column":null}},{"start":{},"end":{}}],"line":51},"2":{"loc":{"start":{"line":106,"column":11},"end":{"line":119,"column":null}},"type":"cond-expr","locations":[{"start":{"line":107,"column":12},"end":{"line":117,"column":null}},{"start":{"line":119,"column":12},"end":{"line":119,"column":null}}],"line":106},"3":{"loc":{"start":{"line":111,"column":21},"end":{"line":111,"column":null}},"type":"cond-expr","locations":[{"start":{"line":111,"column":58},"end":{"line":111,"column":74}},{"start":{"line":111,"column":74},"end":{"line":111,"column":null}}],"line":111}},"s":{"0":1,"1":10,"2":10,"3":1,"4":6,"5":6,"6":6,"7":6,"8":1,"9":5,"10":0,"11":5,"12":5,"13":5,"14":3},"f":{"0":10,"1":6,"2":3},"b":{"0":[1,5],"1":[0,5],"2":[2,3],"3":[2,1]},"meta":{"lastBranch":4,"lastFunction":3,"lastStatement":15,"seen":{"s:32:18:38:Infinity":0,"f:32:18:32:19":0,"s:33:16:33:Infinity":1,"s:34:2:37:Infinity":2,"s:40:38:129:Infinity":3,"f:40:38:40:44":1,"s:41:15:41:Infinity":4,"s:42:59:43:Infinity":5,"s:44:25:45:Infinity":6,"b:47:2:49:Infinity:undefined:undefined:undefined:undefined":0,"s:47:2:49:Infinity":7,"s:48:4:48:Infinity":8,"b:51:2:53:Infinity:undefined:undefined:undefined:undefined":1,"s:51:2:53:Infinity":9,"s:52:4:52:Infinity":10,"s:55:20:55:Infinity":11,"s:56:22:56:Infinity":12,"s:58:2:127:Infinity":13,"b:107:12:117:Infinity:119:12:119:Infinity":2,"f:108:47:108:48":2,"s:109:16:115:Infinity":14,"b:111:58:111:74:111:74:111:Infinity":3}}}
,"/Users/crlaila/www/estudos/comissionamento/web/src/pages/TeamDashboard.tsx": {"path":"/Users/crlaila/www/estudos/comissionamento/web/src/pages/TeamDashboard.tsx","statementMap":{"0":{"start":{"line":33,"column":18},"end":{"line":39,"column":null}},"1":{"start":{"line":34,"column":16},"end":{"line":34,"column":null}},"2":{"start":{"line":35,"column":2},"end":{"line":38,"column":null}},"3":{"start":{"line":41,"column":27},"end":{"line":45,"column":null}},"4":{"start":{"line":42,"column":2},"end":{"line":42,"column":null}},"5":{"start":{"line":42,"column":25},"end":{"line":42,"column":null}},"6":{"start":{"line":43,"column":2},"end":{"line":43,"column":null}},"7":{"start":{"line":43,"column":24},"end":{"line":43,"column":null}},"8":{"start":{"line":44,"column":2},"end":{"line":44,"column":null}},"9":{"start":{"line":47,"column":20},"end":{"line":51,"column":null}},"10":{"start":{"line":48,"column":15},"end":{"line":48,"column":null}},"11":{"start":{"line":49,"column":15},"end":{"line":49,"column":null}},"12":{"start":{"line":50,"column":2},"end":{"line":50,"column":null}},"13":{"start":{"line":53,"column":23},"end":{"line":57,"column":null}},"14":{"start":{"line":54,"column":15},"end":{"line":54,"column":null}},"15":{"start":{"line":55,"column":15},"end":{"line":55,"column":null}},"16":{"start":{"line":56,"column":2},"end":{"line":56,"column":null}},"17":{"start":{"line":59,"column":39},"end":{"line":201,"column":null}},"18":{"start":{"line":60,"column":8},"end":{"line":60,"column":null}},"19":{"start":{"line":61,"column":44},"end":{"line":61,"column":null}},"20":{"start":{"line":63,"column":59},"end":{"line":64,"column":null}},"21":{"start":{"line":65,"column":25},"end":{"line":66,"column":null}},"22":{"start":{"line":67,"column":28},"end":{"line":70,"column":null}},"23":{"start":{"line":72,"column":2},"end":{"line":74,"column":null}},"24":{"start":{"line":73,"column":4},"end":{"line":73,"column":null}},"25":{"start":{"line":76,"column":2},"end":{"line":78,"column":null}},"26":{"start":{"line":77,"column":4},"end":{"line":77,"column":null}},"27":{"start":{"line":80,"column":22},"end":{"line":80,"column":null}},"28":{"start":{"line":80,"column":68},"end":{"line":80,"column":95}},"29":{"start":{"line":81,"column":23},"end":{"line":81,"column":null}},"30":{"start":{"line":81,"column":69},"end":{"line":81,"column":97}},"31":{"start":{"line":83,"column":4},"end":{"line":86,"column":null}},"32":{"start":{"line":84,"column":54},"end":{"line":84,"column":78}},"33":{"start":{"line":88,"column":2},"end":{"line":199,"column":null}},"34":{"start":{"line":119,"column":29},"end":{"line":119,"column":null}},"35":{"start":{"line":174,"column":16},"end":{"line":189,"column":null}},"36":{"start":{"line":184,"column":37},"end":{"line":184,"column":null}}},"fnMap":{"0":{"name":"(anonymous_0)","decl":{"start":{"line":33,"column":18},"end":{"line":33,"column":19}},"loc":{"start":{"line":33,"column":48},"end":{"line":39,"column":null}},"line":33},"1":{"name":"(anonymous_1)","decl":{"start":{"line":41,"column":27},"end":{"line":41,"column":28}},"loc":{"start":{"line":41,"column":59},"end":{"line":45,"column":null}},"line":41},"2":{"name":"(anonymous_2)","decl":{"start":{"line":47,"column":20},"end":{"line":47,"column":21}},"loc":{"start":{"line":47,"column":67},"end":{"line":51,"column":null}},"line":47},"3":{"name":"(anonymous_3)","decl":{"start":{"line":53,"column":23},"end":{"line":53,"column":24}},"loc":{"start":{"line":53,"column":70},"end":{"line":57,"column":null}},"line":53},"4":{"name":"(anonymous_4)","decl":{"start":{"line":59,"column":39},"end":{"line":59,"column":45}},"loc":{"start":{"line":59,"column":45},"end":{"line":201,"column":null}},"line":59},"5":{"name":"(anonymous_5)","decl":{"start":{"line":80,"column":56},"end":{"line":80,"column":57}},"loc":{"start":{"line":80,"column":68},"end":{"line":80,"column":95}},"line":80},"6":{"name":"(anonymous_6)","decl":{"start":{"line":81,"column":57},"end":{"line":81,"column":58}},"loc":{"start":{"line":81,"column":69},"end":{"line":81,"column":97}},"line":81},"7":{"name":"(anonymous_7)","decl":{"start":{"line":84,"column":42},"end":{"line":84,"column":43}},"loc":{"start":{"line":84,"column":54},"end":{"line":84,"column":78}},"line":84},"8":{"name":"(anonymous_8)","decl":{"start":{"line":119,"column":22},"end":{"line":119,"column":23}},"loc":{"start":{"line":119,"column":29},"end":{"line":119,"column":null}},"line":119},"9":{"name":"(anonymous_9)","decl":{"start":{"line":173,"column":46},"end":{"line":173,"column":47}},"loc":{"start":{"line":174,"column":16},"end":{"line":189,"column":null}},"line":174},"10":{"name":"(anonymous_10)","decl":{"start":{"line":184,"column":31},"end":{"line":184,"column":37}},"loc":{"start":{"line":184,"column":37},"end":{"line":184,"column":null}},"line":184}},"branchMap":{"0":{"loc":{"start":{"line":42,"column":2},"end":{"line":42,"column":null}},"type":"if","locations":[{"start":{"line":42,"column":2},"end":{"line":42,"column":null}},{"start":{},"end":{}}],"line":42},"1":{"loc":{"start":{"line":43,"column":2},"end":{"line":43,"column":null}},"type":"if","locations":[{"start":{"line":43,"column":2},"end":{"line":43,"column":null}},{"start":{},"end":{}}],"line":43},"2":{"loc":{"start":{"line":49,"column":15},"end":{"line":49,"column":null}},"type":"cond-expr","locations":[{"start":{"line":49,"column":26},"end":{"line":49,"column":32}},{"start":{"line":49,"column":32},"end":{"line":49,"column":null}}],"line":49},"3":{"loc":{"start":{"line":49,"column":32},"end":{"line":49,"column":null}},"type":"cond-expr","locations":[{"start":{"line":49,"column":43},"end":{"line":49,"column":48}},{"start":{"line":49,"column":48},"end":{"line":49,"column":null}}],"line":49},"4":{"loc":{"start":{"line":55,"column":15},"end":{"line":55,"column":null}},"type":"cond-expr","locations":[{"start":{"line":55,"column":26},"end":{"line":55,"column":32}},{"start":{"line":55,"column":32},"end":{"line":55,"column":null}}],"line":55},"5":{"loc":{"start":{"line":55,"column":32},"end":{"line":55,"column":null}},"type":"cond-expr","locations":[{"start":{"line":55,"column":43},"end":{"line":55,"column":48}},{"start":{"line":55,"column":48},"end":{"line":55,"column":null}}],"line":55},"6":{"loc":{"start":{"line":72,"column":2},"end":{"line":74,"column":null}},"type":"if","locations":[{"start":{"line":72,"column":2},"end":{"line":74,"column":null}},{"start":{},"end":{}}],"line":72},"7":{"loc":{"start":{"line":76,"column":2},"end":{"line":78,"column":null}},"type":"if","locations":[{"start":{"line":76,"column":2},"end":{"line":78,"column":null}},{"start":{},"end":{}}],"line":76},"8":{"loc":{"start":{"line":76,"column":6},"end":{"line":76,"column":53}},"type":"binary-expr","locations":[{"start":{"line":76,"column":6},"end":{"line":76,"column":24}},{"start":{"line":76,"column":24},"end":{"line":76,"column":53}}],"line":76},"9":{"loc":{"start":{"line":83,"column":4},"end":{"line":86,"column":null}},"type":"cond-expr","locations":[{"start":{"line":84,"column":8},"end":{"line":85,"column":null}},{"start":{"line":86,"column":8},"end":{"line":86,"column":null}}],"line":83},"10":{"loc":{"start":{"line":123,"column":9},"end":{"line":155,"column":null}},"type":"binary-expr","locations":[{"start":{"line":123,"column":9},"end":{"line":123,"column":28}},{"start":{"line":123,"column":28},"end":{"line":123,"column":null}},{"start":{"line":124,"column":10},"end":{"line":155,"column":null}}],"line":123}},"s":{"0":1,"1":25,"2":25,"3":1,"4":6,"5":2,"6":4,"7":4,"8":0,"9":1,"10":1,"11":1,"12":1,"13":1,"14":1,"15":1,"16":1,"17":1,"18":6,"19":6,"20":6,"21":6,"22":6,"23":6,"24":1,"25":5,"26":0,"27":5,"28":6,"29":5,"30":6,"31":5,"32":6,"33":6,"34":1,"35":6,"36":0},"f":{"0":25,"1":6,"2":1,"3":1,"4":6,"5":6,"6":6,"7":6,"8":1,"9":6,"10":0},"b":{"0":[2,4],"1":[4,0],"2":[1,0],"3":[0,0],"4":[1,0],"5":[0,0],"6":[1,5],"7":[0,5],"8":[5,5],"9":[5,0],"10":[6,1,1]},"meta":{"lastBranch":11,"lastFunction":11,"lastStatement":37,"seen":{"s:33:18:39:Infinity":0,"f:33:18:33:19":0,"s:34:16:34:Infinity":1,"s:35:2:38:Infinity":2,"s:41:27:45:Infinity":3,"f:41:27:41:28":1,"b:42:2:42:Infinity:undefined:undefined:undefined:undefined":0,"s:42:2:42:Infinity":4,"s:42:25:42:Infinity":5,"b:43:2:43:Infinity:undefined:undefined:undefined:undefined":1,"s:43:2:43:Infinity":6,"s:43:24:43:Infinity":7,"s:44:2:44:Infinity":8,"s:47:20:51:Infinity":9,"f:47:20:47:21":2,"s:48:15:48:Infinity":10,"s:49:15:49:Infinity":11,"b:49:26:49:32:49:32:49:Infinity":2,"b:49:43:49:48:49:48:49:Infinity":3,"s:50:2:50:Infinity":12,"s:53:23:57:Infinity":13,"f:53:23:53:24":3,"s:54:15:54:Infinity":14,"s:55:15:55:Infinity":15,"b:55:26:55:32:55:32:55:Infinity":4,"b:55:43:55:48:55:48:55:Infinity":5,"s:56:2:56:Infinity":16,"s:59:39:201:Infinity":17,"f:59:39:59:45":4,"s:60:8:60:Infinity":18,"s:61:44:61:Infinity":19,"s:63:59:64:Infinity":20,"s:65:25:66:Infinity":21,"s:67:28:70:Infinity":22,"b:72:2:74:Infinity:undefined:undefined:undefined:undefined":6,"s:72:2:74:Infinity":23,"s:73:4:73:Infinity":24,"b:76:2:78:Infinity:undefined:undefined:undefined:undefined":7,"s:76:2:78:Infinity":25,"b:76:6:76:24:76:24:76:53":8,"s:77:4:77:Infinity":26,"s:80:22:80:Infinity":27,"f:80:56:80:57":5,"s:80:68:80:95":28,"s:81:23:81:Infinity":29,"f:81:57:81:58":6,"s:81:69:81:97":30,"s:83:4:86:Infinity":31,"b:84:8:85:Infinity:86:8:86:Infinity":9,"f:84:42:84:43":7,"s:84:54:84:78":32,"s:88:2:199:Infinity":33,"f:119:22:119:23":8,"s:119:29:119:Infinity":34,"b:123:9:123:28:123:28:123:Infinity:124:10:155:Infinity":10,"f:173:46:173:47":9,"s:174:16:189:Infinity":35,"f:184:31:184:37":10,"s:184:37:184:Infinity":36}}}
}
